<?xml version="1.0" encoding="UTF-8"?>
<testsuite xmlns:xsi="http://www.w3.org/2001/XMLSchema-instance" xsi:noNamespaceSchemaLocation="https://maven.apache.org/surefire/maven-surefire-plugin/xsd/surefire-test-report.xsd" name="com.bootdo.testDemo.TestDemo" time="20.994" tests="1" errors="1" skipped="0" failures="0">
  <properties>
[...]
</properties>
  <testcase name="test" classname="com.bootdo.testDemo.TestDemo" time="2.811">
    <error message="Unable to connect to Redis; nested exception is io.lettuce.core.RedisConnectionException: Unable to connect to localhost:6379" type="org.springframework.data.redis.RedisConnectionFailureException">org.springframework.data.redis.RedisConnectionFailureException: Unable to connect to Redis; nested exception is io.lettuce.core.RedisConnectionException: Unable to connect to localhost:6379
	at com.bootdo.testDemo.TestDemo.test(TestDemo.java:20)
Caused by: io.lettuce.core.RedisConnectionException: Unable to connect to localhost:6379
	at com.bootdo.testDemo.TestDemo.test(TestDemo.java:20)
Caused by: io.netty.channel.AbstractChannel$AnnotatedConnectException: Connection refused: no further information: localhost/127.0.0.1:6379
Caused by: java.net.ConnectException: Connection refused: no further information
</error>
    <system-out><![CDATA[09:41:18.164 [main] DEBUG org.springframework.test.context.junit4.SpringJUnit4ClassRunner - SpringJUnit4ClassRunner constructor called with [class com.bootdo.testDemo.TestDemo]
09:41:18.171 [main] DEBUG org.springframework.test.context.BootstrapUtils - Instantiating CacheAwareContextLoaderDelegate from class [org.springframework.test.context.cache.DefaultCacheAwareContextLoaderDelegate]
09:41:18.179 [main] DEBUG org.springframework.test.context.BootstrapUtils - Instantiating BootstrapContext using constructor [public org.springframework.test.context.support.DefaultBootstrapContext(java.lang.Class,org.springframework.test.context.CacheAwareContextLoaderDelegate)]
09:41:18.196 [main] DEBUG org.springframework.test.context.BootstrapUtils - Instantiating TestContextBootstrapper for test class [com.bootdo.testDemo.TestDemo] from class [org.springframework.boot.test.context.SpringBootTestContextBootstrapper]
09:41:18.207 [main] INFO org.springframework.boot.test.context.SpringBootTestContextBootstrapper - Neither @ContextConfiguration nor @ContextHierarchy found for test class [com.bootdo.testDemo.TestDemo], using SpringBootContextLoader
09:41:18.211 [main] DEBUG org.springframework.test.context.support.AbstractContextLoader - Did not detect default resource location for test class [com.bootdo.testDemo.TestDemo]: class path resource [com/bootdo/testDemo/TestDemo-context.xml] does not exist
09:41:18.212 [main] DEBUG org.springframework.test.context.support.AbstractContextLoader - Did not detect default resource location for test class [com.bootdo.testDemo.TestDemo]: class path resource [com/bootdo/testDemo/TestDemoContext.groovy] does not exist
09:41:18.212 [main] INFO org.springframework.test.context.support.AbstractContextLoader - Could not detect default resource locations for test class [com.bootdo.testDemo.TestDemo]: no resource found for suffixes {-context.xml, Context.groovy}.
09:41:18.213 [main] INFO org.springframework.test.context.support.AnnotationConfigContextLoaderUtils - Could not detect default configuration classes for test class [com.bootdo.testDemo.TestDemo]: TestDemo does not declare any static, non-private, non-final, nested classes annotated with @Configuration.
09:41:18.254 [main] DEBUG org.springframework.test.context.support.ActiveProfilesUtils - Could not find an 'annotation declaring class' for annotation type [org.springframework.test.context.ActiveProfiles] and class [com.bootdo.testDemo.TestDemo]
09:41:18.262 [main] DEBUG org.springframework.core.env.StandardEnvironment - Adding PropertySource 'systemProperties' with lowest search precedence
09:41:18.262 [main] DEBUG org.springframework.core.env.StandardEnvironment - Adding PropertySource 'systemEnvironment' with lowest search precedence
09:41:18.263 [main] DEBUG org.springframework.core.env.StandardEnvironment - Initialized StandardEnvironment with PropertySources [MapPropertySource@558922244 {name='systemProperties', properties={idea.version=2022.2.2, java.runtime.name=Java(TM) SE Runtime Environment, sun.boot.library.path=C:\Program Files\Java\jdk1.8.0_202\jre\bin, java.vm.version=25.202-b08, java.vm.vendor=Oracle Corporation, java.vendor.url=http://java.oracle.com/, path.separator=;, java.vm.name=Java HotSpot(TM) 64-Bit Server VM, file.encoding.pkg=sun.io, user.country=CN, user.script=, sun.java.launcher=SUN_STANDARD, sun.os.patch.level=, java.vm.specification.name=Java Virtual Machine Specification, user.dir=C:\workjob2023\code\bootdo2, java.runtime.version=1.8.0_202-b08, basedir=C:\workjob2023\code\bootdo2, java.awt.graphicsenv=sun.awt.Win32GraphicsEnvironment, java.endorsed.dirs=C:\Program Files\Java\jdk1.8.0_202\jre\lib\endorsed, os.arch=amd64, surefire.real.class.path=C:\Users\13504\AppData\Local\Temp\surefire5591964321395928774\surefirebooter8294809607802869276.jar, java.io.tmpdir=C:\Users\13504\AppData\Local\Temp\, line.separator=
, java.vm.specification.vendor=Oracle Corporation, user.variant=, os.name=Windows 10, sun.jnu.encoding=GBK, java.library.path=C:\Program Files\Java\jdk1.8.0_202\jre\bin;C:\WINDOWS\Sun\Java\bin;C:\WINDOWS\system32;C:\WINDOWS;C:\Program Files (x86)\Common Files\Oracle\Java\javapath;C:\WINDOWS\system32;C:\WINDOWS;C:\WINDOWS\System32\Wbem;C:\WINDOWS\System32\WindowsPowerShell\v1.0\;C:\WINDOWS\System32\OpenSSH\;C:\Program Files\NVIDIA Corporation\NVIDIA NvDLISR;C:\Program Files (x86)\NVIDIA Corporation\PhysX\Common;C:\Program Files\dotnet\;C:\Program Files (x86)\IDM Computer Solutions\UltraEdit;C:\Users\13504\AppData\Local\Microsoft\WindowsApps;C:\Users\13504\.dotnet\tools;., surefire.test.class.path=C:\workjob2023\code\bootdo2\target\test-classes;C:\workjob2023\code\bootdo2\target\classes;C:\workjob2023\repo\org\springframework\boot\spring-boot-starter\2.0.3.RELEASE\spring-boot-starter-2.0.3.RELEASE.jar;C:\workjob2023\repo\org\springframework\boot\spring-boot\2.0.3.RELEASE\spring-boot-2.0.3.RELEASE.jar;C:\workjob2023\repo\org\springframework\boot\spring-boot-autoconfigure\2.0.3.RELEASE\spring-boot-autoconfigure-2.0.3.RELEASE.jar;C:\workjob2023\repo\org\springframework\boot\spring-boot-starter-logging\2.0.3.RELEASE\spring-boot-starter-logging-2.0.3.RELEASE.jar;C:\workjob2023\repo\ch\qos\logback\logback-classic\1.2.3\logback-classic-1.2.3.jar;C:\workjob2023\repo\ch\qos\logback\logback-core\1.2.3\logback-core-1.2.3.jar;C:\workjob2023\repo\org\apache\logging\log4j\log4j-to-slf4j\2.10.0\log4j-to-slf4j-2.10.0.jar;C:\workjob2023\repo\org\apache\logging\log4j\log4j-api\2.10.0\log4j-api-2.10.0.jar;C:\workjob2023\repo\org\slf4j\jul-to-slf4j\1.7.25\jul-to-slf4j-1.7.25.jar;C:\workjob2023\repo\javax\annotation\javax.annotation-api\1.3.2\javax.annotation-api-1.3.2.jar;C:\workjob2023\repo\org\springframework\spring-core\5.0.7.RELEASE\spring-core-5.0.7.RELEASE.jar;C:\workjob2023\repo\org\springframework\spring-jcl\5.0.7.RELEASE\spring-jcl-5.0.7.RELEASE.jar;C:\workjob2023\repo\org\yaml\snakeyaml\1.19\snakeyaml-1.19.jar;C:\workjob2023\repo\org\springframework\boot\spring-boot-starter-test\2.0.3.RELEASE\spring-boot-starter-test-2.0.3.RELEASE.jar;C:\workjob2023\repo\org\springframework\boot\spring-boot-test\2.0.3.RELEASE\spring-boot-test-2.0.3.RELEASE.jar;C:\workjob2023\repo\org\springframework\boot\spring-boot-test-autoconfigure\2.0.3.RELEASE\spring-boot-test-autoconfigure-2.0.3.RELEASE.jar;C:\workjob2023\repo\com\jayway\jsonpath\json-path\2.4.0\json-path-2.4.0.jar;C:\workjob2023\repo\net\minidev\json-smart\2.3\json-smart-2.3.jar;C:\workjob2023\repo\net\minidev\accessors-smart\1.2\accessors-smart-1.2.jar;C:\workjob2023\repo\org\ow2\asm\asm\5.0.4\asm-5.0.4.jar;C:\workjob2023\repo\junit\junit\4.12\junit-4.12.jar;C:\workjob2023\repo\org\assertj\assertj-core\3.9.1\assertj-core-3.9.1.jar;C:\workjob2023\repo\org\mockito\mockito-core\2.15.0\mockito-core-2.15.0.jar;C:\workjob2023\repo\net\bytebuddy\byte-buddy\1.7.11\byte-buddy-1.7.11.jar;C:\workjob2023\repo\net\bytebuddy\byte-buddy-agent\1.7.11\byte-buddy-agent-1.7.11.jar;C:\workjob2023\repo\org\objenesis\objenesis\2.6\objenesis-2.6.jar;C:\workjob2023\repo\org\hamcrest\hamcrest-core\1.3\hamcrest-core-1.3.jar;C:\workjob2023\repo\org\hamcrest\hamcrest-library\1.3\hamcrest-library-1.3.jar;C:\workjob2023\repo\org\skyscreamer\jsonassert\1.5.0\jsonassert-1.5.0.jar;C:\workjob2023\repo\com\vaadin\external\google\android-json\0.0.20131108.vaadin1\android-json-0.0.20131108.vaadin1.jar;C:\workjob2023\repo\org\springframework\spring-test\5.0.7.RELEASE\spring-test-5.0.7.RELEASE.jar;C:\workjob2023\repo\org\xmlunit\xmlunit-core\2.5.1\xmlunit-core-2.5.1.jar;C:\workjob2023\repo\org\springframework\boot\spring-boot-starter-aop\2.0.3.RELEASE\spring-boot-starter-aop-2.0.3.RELEASE.jar;C:\workjob2023\repo\org\springframework\spring-aop\5.0.7.RELEASE\spring-aop-5.0.7.RELEASE.jar;C:\workjob2023\repo\org\aspectj\aspectjweaver\1.8.13\aspectjweaver-1.8.13.jar;C:\workjob2023\repo\org\springframework\boot\spring-boot-starter-web\2.0.3.RELEASE\spring-boot-starter-web-2.0.3.RELEASE.jar;C:\workjob2023\repo\org\springframework\boot\spring-boot-starter-json\2.0.3.RELEASE\spring-boot-starter-json-2.0.3.RELEASE.jar;C:\workjob2023\repo\com\fasterxml\jackson\datatype\jackson-datatype-jdk8\2.9.6\jackson-datatype-jdk8-2.9.6.jar;C:\workjob2023\repo\com\fasterxml\jackson\datatype\jackson-datatype-jsr310\2.9.6\jackson-datatype-jsr310-2.9.6.jar;C:\workjob2023\repo\com\fasterxml\jackson\module\jackson-module-parameter-names\2.9.6\jackson-module-parameter-names-2.9.6.jar;C:\workjob2023\repo\org\springframework\boot\spring-boot-starter-tomcat\2.0.3.RELEASE\spring-boot-starter-tomcat-2.0.3.RELEASE.jar;C:\workjob2023\repo\org\apache\tomcat\embed\tomcat-embed-core\8.5.31\tomcat-embed-core-8.5.31.jar;C:\workjob2023\repo\org\apache\tomcat\embed\tomcat-embed-el\8.5.31\tomcat-embed-el-8.5.31.jar;C:\workjob2023\repo\org\apache\tomcat\embed\tomcat-embed-websocket\8.5.31\tomcat-embed-websocket-8.5.31.jar;C:\workjob2023\repo\org\hibernate\validator\hibernate-validator\6.0.10.Final\hibernate-validator-6.0.10.Final.jar;C:\workjob2023\repo\javax\validation\validation-api\2.0.1.Final\validation-api-2.0.1.Final.jar;C:\workjob2023\repo\org\jboss\logging\jboss-logging\3.3.2.Final\jboss-logging-3.3.2.Final.jar;C:\workjob2023\repo\org\springframework\spring-web\5.0.7.RELEASE\spring-web-5.0.7.RELEASE.jar;C:\workjob2023\repo\org\springframework\spring-webmvc\5.0.7.RELEASE\spring-webmvc-5.0.7.RELEASE.jar;C:\workjob2023\repo\org\springframework\spring-expression\5.0.7.RELEASE\spring-expression-5.0.7.RELEASE.jar;C:\workjob2023\repo\org\springframework\boot\spring-boot-starter-thymeleaf\2.0.3.RELEASE\spring-boot-starter-thymeleaf-2.0.3.RELEASE.jar;C:\workjob2023\repo\org\thymeleaf\thymeleaf-spring5\3.0.9.RELEASE\thymeleaf-spring5-3.0.9.RELEASE.jar;C:\workjob2023\repo\org\thymeleaf\thymeleaf\3.0.9.RELEASE\thymeleaf-3.0.9.RELEASE.jar;C:\workjob2023\repo\org\attoparser\attoparser\2.0.4.RELEASE\attoparser-2.0.4.RELEASE.jar;C:\workjob2023\repo\org\unbescape\unbescape\1.1.5.RELEASE\unbescape-1.1.5.RELEASE.jar;C:\workjob2023\repo\org\thymeleaf\extras\thymeleaf-extras-java8time\3.0.1.RELEASE\thymeleaf-extras-java8time-3.0.1.RELEASE.jar;C:\workjob2023\repo\net\sourceforge\nekohtml\nekohtml\1.9.22\nekohtml-1.9.22.jar;C:\workjob2023\repo\xerces\xercesImpl\2.11.0\xercesImpl-2.11.0.jar;C:\workjob2023\repo\xml-apis\xml-apis\1.4.01\xml-apis-1.4.01.jar;C:\workjob2023\repo\mysql\mysql-connector-java\5.1.46\mysql-connector-java-5.1.46.jar;C:\workjob2023\repo\org\mybatis\mybatis\3.4.4\mybatis-3.4.4.jar;C:\workjob2023\repo\org\mybatis\spring\boot\mybatis-spring-boot-starter\1.1.1\mybatis-spring-boot-starter-1.1.1.jar;C:\workjob2023\repo\org\mybatis\spring\boot\mybatis-spring-boot-autoconfigure\1.1.1\mybatis-spring-boot-autoconfigure-1.1.1.jar;C:\workjob2023\repo\org\mybatis\mybatis-spring\1.3.0\mybatis-spring-1.3.0.jar;C:\workjob2023\repo\org\springframework\boot\spring-boot-starter-jdbc\2.0.3.RELEASE\spring-boot-starter-jdbc-2.0.3.RELEASE.jar;C:\workjob2023\repo\com\zaxxer\HikariCP\2.7.9\HikariCP-2.7.9.jar;C:\workjob2023\repo\com\alibaba\druid\1.0.28\druid-1.0.28.jar;C:\Program Files\Java\jdk1.8.0_202\jre\..\lib\jconsole.jar;C:\Program Files\Java\jdk1.8.0_202\jre\..\lib\tools.jar;C:\workjob2023\repo\org\apache\commons\commons-lang3\3.6\commons-lang3-3.6.jar;C:\workjob2023\repo\commons-configuration\commons-configuration\1.10\commons-configuration-1.10.jar;C:\workjob2023\repo\commons-lang\commons-lang\2.6\commons-lang-2.6.jar;C:\workjob2023\repo\commons-logging\commons-logging\1.1.1\commons-logging-1.1.1.jar;C:\workjob2023\repo\commons-io\commons-io\2.5\commons-io-2.5.jar;C:\workjob2023\repo\org\apache\shiro\shiro-core\1.3.2\shiro-core-1.3.2.jar;C:\workjob2023\repo\org\slf4j\slf4j-api\1.7.25\slf4j-api-1.7.25.jar;C:\workjob2023\repo\commons-beanutils\commons-beanutils\1.8.3\commons-beanutils-1.8.3.jar;C:\workjob2023\repo\org\apache\shiro\shiro-spring\1.3.2\shiro-spring-1.3.2.jar;C:\workjob2023\repo\org\apache\shiro\shiro-web\1.3.2\shiro-web-1.3.2.jar;C:\workjob2023\repo\org\apache\shiro\shiro-ehcache\1.4.0\shiro-ehcache-1.4.0.jar;C:\workjob2023\repo\org\apache\shiro\shiro-cache\1.4.0\shiro-cache-1.4.0.jar;C:\workjob2023\repo\org\apache\shiro\shiro-lang\1.4.0\shiro-lang-1.4.0.jar;C:\workjob2023\repo\com\github\theborakompanioni\thymeleaf-extras-shiro\2.0.0\thymeleaf-extras-shiro-2.0.0.jar;C:\workjob2023\repo\com\alibaba\fastjson\1.2.31\fastjson-1.2.31.jar;C:\workjob2023\repo\org\apache\velocity\velocity\1.7\velocity-1.7.jar;C:\workjob2023\repo\commons-collections\commons-collections\3.2.1\commons-collections-3.2.1.jar;C:\workjob2023\repo\org\springframework\boot\spring-boot-starter-cache\2.0.3.RELEASE\spring-boot-starter-cache-2.0.3.RELEASE.jar;C:\workjob2023\repo\org\springframework\spring-context\5.0.7.RELEASE\spring-context-5.0.7.RELEASE.jar;C:\workjob2023\repo\net\sf\ehcache\ehcache\2.10.5\ehcache-2.10.5.jar;C:\workjob2023\repo\org\quartz-scheduler\quartz\2.2.1\quartz-2.2.1.jar;C:\workjob2023\repo\c3p0\c3p0\0.9.1.1\c3p0-0.9.1.1.jar;C:\workjob2023\repo\org\springframework\boot\spring-boot-starter-websocket\2.0.3.RELEASE\spring-boot-starter-websocket-2.0.3.RELEASE.jar;C:\workjob2023\repo\org\springframework\spring-messaging\5.0.7.RELEASE\spring-messaging-5.0.7.RELEASE.jar;C:\workjob2023\repo\org\springframework\spring-websocket\5.0.7.RELEASE\spring-websocket-5.0.7.RELEASE.jar;C:\workjob2023\repo\org\springframework\spring-context-support\5.0.7.RELEASE\spring-context-support-5.0.7.RELEASE.jar;C:\workjob2023\repo\org\springframework\spring-beans\5.0.7.RELEASE\spring-beans-5.0.7.RELEASE.jar;C:\workjob2023\repo\org\springframework\boot\spring-boot-devtools\2.0.5.RELEASE\spring-boot-devtools-2.0.5.RELEASE.jar;C:\workjob2023\repo\org\activiti\activiti-engine\5.22.0\activiti-engine-5.22.0.jar;C:\workjob2023\repo\org\activiti\activiti-bpmn-converter\5.22.0\activiti-bpmn-converter-5.22.0.jar;C:\workjob2023\repo\org\activiti\activiti-bpmn-model\5.22.0\activiti-bpmn-model-5.22.0.jar;C:\workjob2023\repo\org\activiti\activiti-process-validation\5.22.0\activiti-process-validation-5.22.0.jar;C:\workjob2023\repo\org\activiti\activiti-image-generator\5.22.0\activiti-image-generator-5.22.0.jar;C:\workjob2023\repo\org\apache\commons\commons-email\1.4\commons-email-1.4.jar;C:\workjob2023\repo\com\sun\mail\javax.mail\1.6.1\javax.mail-1.6.1.jar;C:\workjob2023\repo\javax\activation\activation\1.1.1\activation-1.1.1.jar;C:\workjob2023\repo\joda-time\joda-time\2.9.9\joda-time-2.9.9.jar;C:\workjob2023\repo\org\slf4j\jcl-over-slf4j\1.7.25\jcl-over-slf4j-1.7.25.jar;C:\workjob2023\repo\org\activiti\activiti-spring\5.22.0\activiti-spring-5.22.0.jar;C:\workjob2023\repo\org\springframework\spring-jdbc\5.0.7.RELEASE\spring-jdbc-5.0.7.RELEASE.jar;C:\workjob2023\repo\org\springframework\spring-tx\5.0.7.RELEASE\spring-tx-5.0.7.RELEASE.jar;C:\workjob2023\repo\org\springframework\spring-orm\5.0.7.RELEASE\spring-orm-5.0.7.RELEASE.jar;C:\workjob2023\repo\commons-dbcp\commons-dbcp\1.4\commons-dbcp-1.4.jar;C:\workjob2023\repo\commons-pool\commons-pool\1.6\commons-pool-1.6.jar;C:\workjob2023\repo\org\activiti\activiti-modeler\5.22.0\activiti-modeler-5.22.0.jar;C:\workjob2023\repo\org\activiti\activiti-common-rest\5.22.0\activiti-common-rest-5.22.0.jar;C:\workjob2023\repo\org\activiti\activiti-json-converter\5.22.0\activiti-json-converter-5.22.0.jar;C:\workjob2023\repo\math\geom2d\javaGeom\0.11.1\javaGeom-0.11.1.jar;C:\workjob2023\repo\org\springframework\security\spring-security-config\5.0.6.RELEASE\spring-security-config-5.0.6.RELEASE.jar;C:\workjob2023\repo\org\springframework\security\spring-security-core\5.0.6.RELEASE\spring-security-core-5.0.6.RELEASE.jar;C:\workjob2023\repo\org\springframework\security\spring-security-crypto\5.0.6.RELEASE\spring-security-crypto-5.0.6.RELEASE.jar;C:\workjob2023\repo\org\springframework\security\spring-security-web\5.0.6.RELEASE\spring-security-web-5.0.6.RELEASE.jar;C:\workjob2023\repo\com\fasterxml\jackson\core\jackson-core\2.9.6\jackson-core-2.9.6.jar;C:\workjob2023\repo\com\fasterxml\jackson\core\jackson-databind\2.9.6\jackson-databind-2.9.6.jar;C:\workjob2023\repo\com\fasterxml\jackson\core\jackson-annotations\2.9.0\jackson-annotations-2.9.0.jar;C:\workjob2023\repo\org\apache\xmlgraphics\batik-parser\1.7\batik-parser-1.7.jar;C:\workjob2023\repo\org\apache\xmlgraphics\batik-awt-util\1.7\batik-awt-util-1.7.jar;C:\workjob2023\repo\org\apache\xmlgraphics\batik-util\1.7\batik-util-1.7.jar;C:\workjob2023\repo\org\apache\xmlgraphics\batik-xml\1.7\batik-xml-1.7.jar;C:\workjob2023\repo\org\apache\xmlgraphics\batik-transcoder\1.7\batik-transcoder-1.7.jar;C:\workjob2023\repo\org\apache\xmlgraphics\fop\0.94\fop-0.94.jar;C:\workjob2023\repo\org\apache\xmlgraphics\xmlgraphics-commons\1.2\xmlgraphics-commons-1.2.jar;C:\workjob2023\repo\org\apache\avalon\framework\avalon-framework-api\4.3.1\avalon-framework-api-4.3.1.jar;C:\workjob2023\repo\org\apache\avalon\framework\avalon-framework-impl\4.3.1\avalon-framework-impl-4.3.1.jar;C:\workjob2023\repo\org\apache\xmlgraphics\batik-dom\1.7\batik-dom-1.7.jar;C:\workjob2023\repo\org\apache\xmlgraphics\batik-gvt\1.7\batik-gvt-1.7.jar;C:\workjob2023\repo\xml-apis\xml-apis-ext\1.3.04\xml-apis-ext-1.3.04.jar;C:\workjob2023\repo\org\apache\xmlgraphics\batik-bridge\1.7\batik-bridge-1.7.jar;C:\workjob2023\repo\org\apache\xmlgraphics\batik-anim\1.7\batik-anim-1.7.jar;C:\workjob2023\repo\org\apache\xmlgraphics\batik-ext\1.7\batik-ext-1.7.jar;C:\workjob2023\repo\org\apache\xmlgraphics\batik-script\1.7\batik-script-1.7.jar;C:\workjob2023\repo\org\apache\xmlgraphics\batik-js\1.7\batik-js-1.7.jar;C:\workjob2023\repo\org\apache\xmlgraphics\batik-codec\1.7\batik-codec-1.7.jar;C:\workjob2023\repo\org\apache\xmlgraphics\batik-css\1.7\batik-css-1.7.jar;C:\workjob2023\repo\org\apache\xmlgraphics\batik-svg-dom\1.7\batik-svg-dom-1.7.jar;C:\workjob2023\repo\org\apache\xmlgraphics\batik-svggen\1.7\batik-svggen-1.7.jar;C:\workjob2023\repo\org\activiti\activiti-diagram-rest\5.22.0\activiti-diagram-rest-5.22.0.jar;C:\workjob2023\repo\io\springfox\springfox-swagger2\2.6.1\springfox-swagger2-2.6.1.jar;C:\workjob2023\repo\io\swagger\swagger-annotations\1.5.10\swagger-annotations-1.5.10.jar;C:\workjob2023\repo\io\swagger\swagger-models\1.5.10\swagger-models-1.5.10.jar;C:\workjob2023\repo\io\springfox\springfox-spi\2.6.1\springfox-spi-2.6.1.jar;C:\workjob2023\repo\io\springfox\springfox-core\2.6.1\springfox-core-2.6.1.jar;C:\workjob2023\repo\io\springfox\springfox-schema\2.6.1\springfox-schema-2.6.1.jar;C:\workjob2023\repo\io\springfox\springfox-swagger-common\2.6.1\springfox-swagger-common-2.6.1.jar;C:\workjob2023\repo\io\springfox\springfox-spring-web\2.6.1\springfox-spring-web-2.6.1.jar;C:\workjob2023\repo\com\google\guava\guava\18.0\guava-18.0.jar;C:\workjob2023\repo\com\fasterxml\classmate\1.3.4\classmate-1.3.4.jar;C:\workjob2023\repo\org\springframework\plugin\spring-plugin-core\1.2.0.RELEASE\spring-plugin-core-1.2.0.RELEASE.jar;C:\workjob2023\repo\org\springframework\plugin\spring-plugin-metadata\1.2.0.RELEASE\spring-plugin-metadata-1.2.0.RELEASE.jar;C:\workjob2023\repo\org\mapstruct\mapstruct\1.0.0.Final\mapstruct-1.0.0.Final.jar;C:\workjob2023\repo\io\springfox\springfox-swagger-ui\2.6.1\springfox-swagger-ui-2.6.1.jar;C:\workjob2023\repo\org\springframework\boot\spring-boot-starter-data-redis\2.0.3.RELEASE\spring-boot-starter-data-redis-2.0.3.RELEASE.jar;C:\workjob2023\repo\org\springframework\data\spring-data-redis\2.0.8.RELEASE\spring-data-redis-2.0.8.RELEASE.jar;C:\workjob2023\repo\org\springframework\data\spring-data-keyvalue\2.0.8.RELEASE\spring-data-keyvalue-2.0.8.RELEASE.jar;C:\workjob2023\repo\org\springframework\data\spring-data-commons\2.0.8.RELEASE\spring-data-commons-2.0.8.RELEASE.jar;C:\workjob2023\repo\org\springframework\spring-oxm\5.0.7.RELEASE\spring-oxm-5.0.7.RELEASE.jar;C:\workjob2023\repo\io\lettuce\lettuce-core\5.0.4.RELEASE\lettuce-core-5.0.4.RELEASE.jar;C:\workjob2023\repo\io\projectreactor\reactor-core\3.1.8.RELEASE\reactor-core-3.1.8.RELEASE.jar;C:\workjob2023\repo\org\reactivestreams\reactive-streams\1.0.2\reactive-streams-1.0.2.jar;C:\workjob2023\repo\io\netty\netty-common\4.1.25.Final\netty-common-4.1.25.Final.jar;C:\workjob2023\repo\io\netty\netty-transport\4.1.25.Final\netty-transport-4.1.25.Final.jar;C:\workjob2023\repo\io\netty\netty-buffer\4.1.25.Final\netty-buffer-4.1.25.Final.jar;C:\workjob2023\repo\io\netty\netty-resolver\4.1.25.Final\netty-resolver-4.1.25.Final.jar;C:\workjob2023\repo\io\netty\netty-handler\4.1.25.Final\netty-handler-4.1.25.Final.jar;C:\workjob2023\repo\io\netty\netty-codec\4.1.25.Final\netty-codec-4.1.25.Final.jar;C:\workjob2023\repo\redis\clients\jedis\2.9.0\jedis-2.9.0.jar;C:\workjob2023\repo\org\apache\commons\commons-pool2\2.5.0\commons-pool2-2.5.0.jar;C:\workjob2023\repo\org\jsoup\jsoup\1.9.2\jsoup-1.9.2.jar;, java.specification.name=Java Platform API Specification, java.class.version=52.0, sun.management.compiler=HotSpot 64-Bit Tiered Compilers, maven.repo.local=C:\workjob2023\repo, os.version=10.0, user.home=C:\Users\13504, user.timezone=Asia/Shanghai, java.awt.printerjob=sun.awt.windows.WPrinterJob, file.encoding=GBK, java.specification.version=1.8, java.class.path=C:\workjob2023\code\bootdo2\target\test-classes;C:\workjob2023\code\bootdo2\target\classes;C:\workjob2023\repo\org\springframework\boot\spring-boot-starter\2.0.3.RELEASE\spring-boot-starter-2.0.3.RELEASE.jar;C:\workjob2023\repo\org\springframework\boot\spring-boot\2.0.3.RELEASE\spring-boot-2.0.3.RELEASE.jar;C:\workjob2023\repo\org\springframework\boot\spring-boot-autoconfigure\2.0.3.RELEASE\spring-boot-autoconfigure-2.0.3.RELEASE.jar;C:\workjob2023\repo\org\springframework\boot\spring-boot-starter-logging\2.0.3.RELEASE\spring-boot-starter-logging-2.0.3.RELEASE.jar;C:\workjob2023\repo\ch\qos\logback\logback-classic\1.2.3\logback-classic-1.2.3.jar;C:\workjob2023\repo\ch\qos\logback\logback-core\1.2.3\logback-core-1.2.3.jar;C:\workjob2023\repo\org\apache\logging\log4j\log4j-to-slf4j\2.10.0\log4j-to-slf4j-2.10.0.jar;C:\workjob2023\repo\org\apache\logging\log4j\log4j-api\2.10.0\log4j-api-2.10.0.jar;C:\workjob2023\repo\org\slf4j\jul-to-slf4j\1.7.25\jul-to-slf4j-1.7.25.jar;C:\workjob2023\repo\javax\annotation\javax.annotation-api\1.3.2\javax.annotation-api-1.3.2.jar;C:\workjob2023\repo\org\springframework\spring-core\5.0.7.RELEASE\spring-core-5.0.7.RELEASE.jar;C:\workjob2023\repo\org\springframework\spring-jcl\5.0.7.RELEASE\spring-jcl-5.0.7.RELEASE.jar;C:\workjob2023\repo\org\yaml\snakeyaml\1.19\snakeyaml-1.19.jar;C:\workjob2023\repo\org\springframework\boot\spring-boot-starter-test\2.0.3.RELEASE\spring-boot-starter-test-2.0.3.RELEASE.jar;C:\workjob2023\repo\org\springframework\boot\spring-boot-test\2.0.3.RELEASE\spring-boot-test-2.0.3.RELEASE.jar;C:\workjob2023\repo\org\springframework\boot\spring-boot-test-autoconfigure\2.0.3.RELEASE\spring-boot-test-autoconfigure-2.0.3.RELEASE.jar;C:\workjob2023\repo\com\jayway\jsonpath\json-path\2.4.0\json-path-2.4.0.jar;C:\workjob2023\repo\net\minidev\json-smart\2.3\json-smart-2.3.jar;C:\workjob2023\repo\net\minidev\accessors-smart\1.2\accessors-smart-1.2.jar;C:\workjob2023\repo\org\ow2\asm\asm\5.0.4\asm-5.0.4.jar;C:\workjob2023\repo\junit\junit\4.12\junit-4.12.jar;C:\workjob2023\repo\org\assertj\assertj-core\3.9.1\assertj-core-3.9.1.jar;C:\workjob2023\repo\org\mockito\mockito-core\2.15.0\mockito-core-2.15.0.jar;C:\workjob2023\repo\net\bytebuddy\byte-buddy\1.7.11\byte-buddy-1.7.11.jar;C:\workjob2023\repo\net\bytebuddy\byte-buddy-agent\1.7.11\byte-buddy-agent-1.7.11.jar;C:\workjob2023\repo\org\objenesis\objenesis\2.6\objenesis-2.6.jar;C:\workjob2023\repo\org\hamcrest\hamcrest-core\1.3\hamcrest-core-1.3.jar;C:\workjob2023\repo\org\hamcrest\hamcrest-library\1.3\hamcrest-library-1.3.jar;C:\workjob2023\repo\org\skyscreamer\jsonassert\1.5.0\jsonassert-1.5.0.jar;C:\workjob2023\repo\com\vaadin\external\google\android-json\0.0.20131108.vaadin1\android-json-0.0.20131108.vaadin1.jar;C:\workjob2023\repo\org\springframework\spring-test\5.0.7.RELEASE\spring-test-5.0.7.RELEASE.jar;C:\workjob2023\repo\org\xmlunit\xmlunit-core\2.5.1\xmlunit-core-2.5.1.jar;C:\workjob2023\repo\org\springframework\boot\spring-boot-starter-aop\2.0.3.RELEASE\spring-boot-starter-aop-2.0.3.RELEASE.jar;C:\workjob2023\repo\org\springframework\spring-aop\5.0.7.RELEASE\spring-aop-5.0.7.RELEASE.jar;C:\workjob2023\repo\org\aspectj\aspectjweaver\1.8.13\aspectjweaver-1.8.13.jar;C:\workjob2023\repo\org\springframework\boot\spring-boot-starter-web\2.0.3.RELEASE\spring-boot-starter-web-2.0.3.RELEASE.jar;C:\workjob2023\repo\org\springframework\boot\spring-boot-starter-json\2.0.3.RELEASE\spring-boot-starter-json-2.0.3.RELEASE.jar;C:\workjob2023\repo\com\fasterxml\jackson\datatype\jackson-datatype-jdk8\2.9.6\jackson-datatype-jdk8-2.9.6.jar;C:\workjob2023\repo\com\fasterxml\jackson\datatype\jackson-datatype-jsr310\2.9.6\jackson-datatype-jsr310-2.9.6.jar;C:\workjob2023\repo\com\fasterxml\jackson\module\jackson-module-parameter-names\2.9.6\jackson-module-parameter-names-2.9.6.jar;C:\workjob2023\repo\org\springframework\boot\spring-boot-starter-tomcat\2.0.3.RELEASE\spring-boot-starter-tomcat-2.0.3.RELEASE.jar;C:\workjob2023\repo\org\apache\tomcat\embed\tomcat-embed-core\8.5.31\tomcat-embed-core-8.5.31.jar;C:\workjob2023\repo\org\apache\tomcat\embed\tomcat-embed-el\8.5.31\tomcat-embed-el-8.5.31.jar;C:\workjob2023\repo\org\apache\tomcat\embed\tomcat-embed-websocket\8.5.31\tomcat-embed-websocket-8.5.31.jar;C:\workjob2023\repo\org\hibernate\validator\hibernate-validator\6.0.10.Final\hibernate-validator-6.0.10.Final.jar;C:\workjob2023\repo\javax\validation\validation-api\2.0.1.Final\validation-api-2.0.1.Final.jar;C:\workjob2023\repo\org\jboss\logging\jboss-logging\3.3.2.Final\jboss-logging-3.3.2.Final.jar;C:\workjob2023\repo\org\springframework\spring-web\5.0.7.RELEASE\spring-web-5.0.7.RELEASE.jar;C:\workjob2023\repo\org\springframework\spring-webmvc\5.0.7.RELEASE\spring-webmvc-5.0.7.RELEASE.jar;C:\workjob2023\repo\org\springframework\spring-expression\5.0.7.RELEASE\spring-expression-5.0.7.RELEASE.jar;C:\workjob2023\repo\org\springframework\boot\spring-boot-starter-thymeleaf\2.0.3.RELEASE\spring-boot-starter-thymeleaf-2.0.3.RELEASE.jar;C:\workjob2023\repo\org\thymeleaf\thymeleaf-spring5\3.0.9.RELEASE\thymeleaf-spring5-3.0.9.RELEASE.jar;C:\workjob2023\repo\org\thymeleaf\thymeleaf\3.0.9.RELEASE\thymeleaf-3.0.9.RELEASE.jar;C:\workjob2023\repo\org\attoparser\attoparser\2.0.4.RELEASE\attoparser-2.0.4.RELEASE.jar;C:\workjob2023\repo\org\unbescape\unbescape\1.1.5.RELEASE\unbescape-1.1.5.RELEASE.jar;C:\workjob2023\repo\org\thymeleaf\extras\thymeleaf-extras-java8time\3.0.1.RELEASE\thymeleaf-extras-java8time-3.0.1.RELEASE.jar;C:\workjob2023\repo\net\sourceforge\nekohtml\nekohtml\1.9.22\nekohtml-1.9.22.jar;C:\workjob2023\repo\xerces\xercesImpl\2.11.0\xercesImpl-2.11.0.jar;C:\workjob2023\repo\xml-apis\xml-apis\1.4.01\xml-apis-1.4.01.jar;C:\workjob2023\repo\mysql\mysql-connector-java\5.1.46\mysql-connector-java-5.1.46.jar;C:\workjob2023\repo\org\mybatis\mybatis\3.4.4\mybatis-3.4.4.jar;C:\workjob2023\repo\org\mybatis\spring\boot\mybatis-spring-boot-starter\1.1.1\mybatis-spring-boot-starter-1.1.1.jar;C:\workjob2023\repo\org\mybatis\spring\boot\mybatis-spring-boot-autoconfigure\1.1.1\mybatis-spring-boot-autoconfigure-1.1.1.jar;C:\workjob2023\repo\org\mybatis\mybatis-spring\1.3.0\mybatis-spring-1.3.0.jar;C:\workjob2023\repo\org\springframework\boot\spring-boot-starter-jdbc\2.0.3.RELEASE\spring-boot-starter-jdbc-2.0.3.RELEASE.jar;C:\workjob2023\repo\com\zaxxer\HikariCP\2.7.9\HikariCP-2.7.9.jar;C:\workjob2023\repo\com\alibaba\druid\1.0.28\druid-1.0.28.jar;C:\Program Files\Java\jdk1.8.0_202\jre\..\lib\jconsole.jar;C:\Program Files\Java\jdk1.8.0_202\jre\..\lib\tools.jar;C:\workjob2023\repo\org\apache\commons\commons-lang3\3.6\commons-lang3-3.6.jar;C:\workjob2023\repo\commons-configuration\commons-configuration\1.10\commons-configuration-1.10.jar;C:\workjob2023\repo\commons-lang\commons-lang\2.6\commons-lang-2.6.jar;C:\workjob2023\repo\commons-logging\commons-logging\1.1.1\commons-logging-1.1.1.jar;C:\workjob2023\repo\commons-io\commons-io\2.5\commons-io-2.5.jar;C:\workjob2023\repo\org\apache\shiro\shiro-core\1.3.2\shiro-core-1.3.2.jar;C:\workjob2023\repo\org\slf4j\slf4j-api\1.7.25\slf4j-api-1.7.25.jar;C:\workjob2023\repo\commons-beanutils\commons-beanutils\1.8.3\commons-beanutils-1.8.3.jar;C:\workjob2023\repo\org\apache\shiro\shiro-spring\1.3.2\shiro-spring-1.3.2.jar;C:\workjob2023\repo\org\apache\shiro\shiro-web\1.3.2\shiro-web-1.3.2.jar;C:\workjob2023\repo\org\apache\shiro\shiro-ehcache\1.4.0\shiro-ehcache-1.4.0.jar;C:\workjob2023\repo\org\apache\shiro\shiro-cache\1.4.0\shiro-cache-1.4.0.jar;C:\workjob2023\repo\org\apache\shiro\shiro-lang\1.4.0\shiro-lang-1.4.0.jar;C:\workjob2023\repo\com\github\theborakompanioni\thymeleaf-extras-shiro\2.0.0\thymeleaf-extras-shiro-2.0.0.jar;C:\workjob2023\repo\com\alibaba\fastjson\1.2.31\fastjson-1.2.31.jar;C:\workjob2023\repo\org\apache\velocity\velocity\1.7\velocity-1.7.jar;C:\workjob2023\repo\commons-collections\commons-collections\3.2.1\commons-collections-3.2.1.jar;C:\workjob2023\repo\org\springframework\boot\spring-boot-starter-cache\2.0.3.RELEASE\spring-boot-starter-cache-2.0.3.RELEASE.jar;C:\workjob2023\repo\org\springframework\spring-context\5.0.7.RELEASE\spring-context-5.0.7.RELEASE.jar;C:\workjob2023\repo\net\sf\ehcache\ehcache\2.10.5\ehcache-2.10.5.jar;C:\workjob2023\repo\org\quartz-scheduler\quartz\2.2.1\quartz-2.2.1.jar;C:\workjob2023\repo\c3p0\c3p0\0.9.1.1\c3p0-0.9.1.1.jar;C:\workjob2023\repo\org\springframework\boot\spring-boot-starter-websocket\2.0.3.RELEASE\spring-boot-starter-websocket-2.0.3.RELEASE.jar;C:\workjob2023\repo\org\springframework\spring-messaging\5.0.7.RELEASE\spring-messaging-5.0.7.RELEASE.jar;C:\workjob2023\repo\org\springframework\spring-websocket\5.0.7.RELEASE\spring-websocket-5.0.7.RELEASE.jar;C:\workjob2023\repo\org\springframework\spring-context-support\5.0.7.RELEASE\spring-context-support-5.0.7.RELEASE.jar;C:\workjob2023\repo\org\springframework\spring-beans\5.0.7.RELEASE\spring-beans-5.0.7.RELEASE.jar;C:\workjob2023\repo\org\springframework\boot\spring-boot-devtools\2.0.5.RELEASE\spring-boot-devtools-2.0.5.RELEASE.jar;C:\workjob2023\repo\org\activiti\activiti-engine\5.22.0\activiti-engine-5.22.0.jar;C:\workjob2023\repo\org\activiti\activiti-bpmn-converter\5.22.0\activiti-bpmn-converter-5.22.0.jar;C:\workjob2023\repo\org\activiti\activiti-bpmn-model\5.22.0\activiti-bpmn-model-5.22.0.jar;C:\workjob2023\repo\org\activiti\activiti-process-validation\5.22.0\activiti-process-validation-5.22.0.jar;C:\workjob2023\repo\org\activiti\activiti-image-generator\5.22.0\activiti-image-generator-5.22.0.jar;C:\workjob2023\repo\org\apache\commons\commons-email\1.4\commons-email-1.4.jar;C:\workjob2023\repo\com\sun\mail\javax.mail\1.6.1\javax.mail-1.6.1.jar;C:\workjob2023\repo\javax\activation\activation\1.1.1\activation-1.1.1.jar;C:\workjob2023\repo\joda-time\joda-time\2.9.9\joda-time-2.9.9.jar;C:\workjob2023\repo\org\slf4j\jcl-over-slf4j\1.7.25\jcl-over-slf4j-1.7.25.jar;C:\workjob2023\repo\org\activiti\activiti-spring\5.22.0\activiti-spring-5.22.0.jar;C:\workjob2023\repo\org\springframework\spring-jdbc\5.0.7.RELEASE\spring-jdbc-5.0.7.RELEASE.jar;C:\workjob2023\repo\org\springframework\spring-tx\5.0.7.RELEASE\spring-tx-5.0.7.RELEASE.jar;C:\workjob2023\repo\org\springframework\spring-orm\5.0.7.RELEASE\spring-orm-5.0.7.RELEASE.jar;C:\workjob2023\repo\commons-dbcp\commons-dbcp\1.4\commons-dbcp-1.4.jar;C:\workjob2023\repo\commons-pool\commons-pool\1.6\commons-pool-1.6.jar;C:\workjob2023\repo\org\activiti\activiti-modeler\5.22.0\activiti-modeler-5.22.0.jar;C:\workjob2023\repo\org\activiti\activiti-common-rest\5.22.0\activiti-common-rest-5.22.0.jar;C:\workjob2023\repo\org\activiti\activiti-json-converter\5.22.0\activiti-json-converter-5.22.0.jar;C:\workjob2023\repo\math\geom2d\javaGeom\0.11.1\javaGeom-0.11.1.jar;C:\workjob2023\repo\org\springframework\security\spring-security-config\5.0.6.RELEASE\spring-security-config-5.0.6.RELEASE.jar;C:\workjob2023\repo\org\springframework\security\spring-security-core\5.0.6.RELEASE\spring-security-core-5.0.6.RELEASE.jar;C:\workjob2023\repo\org\springframework\security\spring-security-crypto\5.0.6.RELEASE\spring-security-crypto-5.0.6.RELEASE.jar;C:\workjob2023\repo\org\springframework\security\spring-security-web\5.0.6.RELEASE\spring-security-web-5.0.6.RELEASE.jar;C:\workjob2023\repo\com\fasterxml\jackson\core\jackson-core\2.9.6\jackson-core-2.9.6.jar;C:\workjob2023\repo\com\fasterxml\jackson\core\jackson-databind\2.9.6\jackson-databind-2.9.6.jar;C:\workjob2023\repo\com\fasterxml\jackson\core\jackson-annotations\2.9.0\jackson-annotations-2.9.0.jar;C:\workjob2023\repo\org\apache\xmlgraphics\batik-parser\1.7\batik-parser-1.7.jar;C:\workjob2023\repo\org\apache\xmlgraphics\batik-awt-util\1.7\batik-awt-util-1.7.jar;C:\workjob2023\repo\org\apache\xmlgraphics\batik-util\1.7\batik-util-1.7.jar;C:\workjob2023\repo\org\apache\xmlgraphics\batik-xml\1.7\batik-xml-1.7.jar;C:\workjob2023\repo\org\apache\xmlgraphics\batik-transcoder\1.7\batik-transcoder-1.7.jar;C:\workjob2023\repo\org\apache\xmlgraphics\fop\0.94\fop-0.94.jar;C:\workjob2023\repo\org\apache\xmlgraphics\xmlgraphics-commons\1.2\xmlgraphics-commons-1.2.jar;C:\workjob2023\repo\org\apache\avalon\framework\avalon-framework-api\4.3.1\avalon-framework-api-4.3.1.jar;C:\workjob2023\repo\org\apache\avalon\framework\avalon-framework-impl\4.3.1\avalon-framework-impl-4.3.1.jar;C:\workjob2023\repo\org\apache\xmlgraphics\batik-dom\1.7\batik-dom-1.7.jar;C:\workjob2023\repo\org\apache\xmlgraphics\batik-gvt\1.7\batik-gvt-1.7.jar;C:\workjob2023\repo\xml-apis\xml-apis-ext\1.3.04\xml-apis-ext-1.3.04.jar;C:\workjob2023\repo\org\apache\xmlgraphics\batik-bridge\1.7\batik-bridge-1.7.jar;C:\workjob2023\repo\org\apache\xmlgraphics\batik-anim\1.7\batik-anim-1.7.jar;C:\workjob2023\repo\org\apache\xmlgraphics\batik-ext\1.7\batik-ext-1.7.jar;C:\workjob2023\repo\org\apache\xmlgraphics\batik-script\1.7\batik-script-1.7.jar;C:\workjob2023\repo\org\apache\xmlgraphics\batik-js\1.7\batik-js-1.7.jar;C:\workjob2023\repo\org\apache\xmlgraphics\batik-codec\1.7\batik-codec-1.7.jar;C:\workjob2023\repo\org\apache\xmlgraphics\batik-css\1.7\batik-css-1.7.jar;C:\workjob2023\repo\org\apache\xmlgraphics\batik-svg-dom\1.7\batik-svg-dom-1.7.jar;C:\workjob2023\repo\org\apache\xmlgraphics\batik-svggen\1.7\batik-svggen-1.7.jar;C:\workjob2023\repo\org\activiti\activiti-diagram-rest\5.22.0\activiti-diagram-rest-5.22.0.jar;C:\workjob2023\repo\io\springfox\springfox-swagger2\2.6.1\springfox-swagger2-2.6.1.jar;C:\workjob2023\repo\io\swagger\swagger-annotations\1.5.10\swagger-annotations-1.5.10.jar;C:\workjob2023\repo\io\swagger\swagger-models\1.5.10\swagger-models-1.5.10.jar;C:\workjob2023\repo\io\springfox\springfox-spi\2.6.1\springfox-spi-2.6.1.jar;C:\workjob2023\repo\io\springfox\springfox-core\2.6.1\springfox-core-2.6.1.jar;C:\workjob2023\repo\io\springfox\springfox-schema\2.6.1\springfox-schema-2.6.1.jar;C:\workjob2023\repo\io\springfox\springfox-swagger-common\2.6.1\springfox-swagger-common-2.6.1.jar;C:\workjob2023\repo\io\springfox\springfox-spring-web\2.6.1\springfox-spring-web-2.6.1.jar;C:\workjob2023\repo\com\google\guava\guava\18.0\guava-18.0.jar;C:\workjob2023\repo\com\fasterxml\classmate\1.3.4\classmate-1.3.4.jar;C:\workjob2023\repo\org\springframework\plugin\spring-plugin-core\1.2.0.RELEASE\spring-plugin-core-1.2.0.RELEASE.jar;C:\workjob2023\repo\org\springframework\plugin\spring-plugin-metadata\1.2.0.RELEASE\spring-plugin-metadata-1.2.0.RELEASE.jar;C:\workjob2023\repo\org\mapstruct\mapstruct\1.0.0.Final\mapstruct-1.0.0.Final.jar;C:\workjob2023\repo\io\springfox\springfox-swagger-ui\2.6.1\springfox-swagger-ui-2.6.1.jar;C:\workjob2023\repo\org\springframework\boot\spring-boot-starter-data-redis\2.0.3.RELEASE\spring-boot-starter-data-redis-2.0.3.RELEASE.jar;C:\workjob2023\repo\org\springframework\data\spring-data-redis\2.0.8.RELEASE\spring-data-redis-2.0.8.RELEASE.jar;C:\workjob2023\repo\org\springframework\data\spring-data-keyvalue\2.0.8.RELEASE\spring-data-keyvalue-2.0.8.RELEASE.jar;C:\workjob2023\repo\org\springframework\data\spring-data-commons\2.0.8.RELEASE\spring-data-commons-2.0.8.RELEASE.jar;C:\workjob2023\repo\org\springframework\spring-oxm\5.0.7.RELEASE\spring-oxm-5.0.7.RELEASE.jar;C:\workjob2023\repo\io\lettuce\lettuce-core\5.0.4.RELEASE\lettuce-core-5.0.4.RELEASE.jar;C:\workjob2023\repo\io\projectreactor\reactor-core\3.1.8.RELEASE\reactor-core-3.1.8.RELEASE.jar;C:\workjob2023\repo\org\reactivestreams\reactive-streams\1.0.2\reactive-streams-1.0.2.jar;C:\workjob2023\repo\io\netty\netty-common\4.1.25.Final\netty-common-4.1.25.Final.jar;C:\workjob2023\repo\io\netty\netty-transport\4.1.25.Final\netty-transport-4.1.25.Final.jar;C:\workjob2023\repo\io\netty\netty-buffer\4.1.25.Final\netty-buffer-4.1.25.Final.jar;C:\workjob2023\repo\io\netty\netty-resolver\4.1.25.Final\netty-resolver-4.1.25.Final.jar;C:\workjob2023\repo\io\netty\netty-handler\4.1.25.Final\netty-handler-4.1.25.Final.jar;C:\workjob2023\repo\io\netty\netty-codec\4.1.25.Final\netty-codec-4.1.25.Final.jar;C:\workjob2023\repo\redis\clients\jedis\2.9.0\jedis-2.9.0.jar;C:\workjob2023\repo\org\apache\commons\commons-pool2\2.5.0\commons-pool2-2.5.0.jar;C:\workjob2023\repo\org\jsoup\jsoup\1.9.2\jsoup-1.9.2.jar;, user.name=13504, java.vm.specification.version=1.8, sun.java.command=C:\Users\13504\AppData\Local\Temp\surefire5591964321395928774\surefirebooter8294809607802869276.jar C:\Users\13504\AppData\Local\Temp\surefire5591964321395928774 2023-07-08T09-41-14_691-jvmRun1 surefire2625511872469679969tmp surefire_07020446845096842192tmp, java.home=C:\Program Files\Java\jdk1.8.0_202\jre, sun.arch.data.model=64, user.language=zh, java.specification.vendor=Oracle Corporation, awt.toolkit=sun.awt.windows.WToolkit, java.vm.info=mixed mode, java.version=1.8.0_202, java.ext.dirs=C:\Program Files\Java\jdk1.8.0_202\jre\lib\ext;C:\WINDOWS\Sun\Java\lib\ext, sun.boot.class.path=C:\Program Files\Java\jdk1.8.0_202\jre\lib\resources.jar;C:\Program Files\Java\jdk1.8.0_202\jre\lib\rt.jar;C:\Program Files\Java\jdk1.8.0_202\jre\lib\sunrsasign.jar;C:\Program Files\Java\jdk1.8.0_202\jre\lib\jsse.jar;C:\Program Files\Java\jdk1.8.0_202\jre\lib\jce.jar;C:\Program Files\Java\jdk1.8.0_202\jre\lib\charsets.jar;C:\Program Files\Java\jdk1.8.0_202\jre\lib\jfr.jar;C:\Program Files\Java\jdk1.8.0_202\jre\classes, java.vendor=Oracle Corporation, localRepository=C:\workjob2023\repo, file.separator=\, java.vendor.url.bug=http://bugreport.sun.com/bugreport/, sun.io.unicode.encoding=UnicodeLittle, sun.cpu.endian=little, sun.desktop=windows, sun.cpu.isalist=amd64}}, SystemEnvironmentPropertySource@339099861 {name='systemEnvironment', properties={PATH=C:\Program Files (x86)\Common Files\Oracle\Java\javapath;C:\WINDOWS\system32;C:\WINDOWS;C:\WINDOWS\System32\Wbem;C:\WINDOWS\System32\WindowsPowerShell\v1.0\;C:\WINDOWS\System32\OpenSSH\;C:\Program Files\NVIDIA Corporation\NVIDIA NvDLISR;C:\Program Files (x86)\NVIDIA Corporation\PhysX\Common;C:\Program Files\dotnet\;C:\Program Files (x86)\IDM Computer Solutions\UltraEdit;C:\Users\13504\AppData\Local\Microsoft\WindowsApps;C:\Users\13504\.dotnet\tools, USERDOMAIN_ROAMINGPROFILE=DESKTOP-0HS8ISR, LOCALAPPDATA=C:\Users\13504\AppData\Local, PROCESSOR_LEVEL=23, SYSTEMDRIVE=C:, COMMONPROGRAMFILES(X86)=C:\Program Files (x86)\Common Files, USERDOMAIN=DESKTOP-0HS8ISR, FPS_BROWSER_APP_PROFILE_STRING=Internet Explorer, LOGONSERVER=\\DESKTOP-0HS8ISR, PROMPT=$P$G, SESSIONNAME=Console, ALLUSERSPROFILE=C:\ProgramData, PROGRAMFILES(X86)=C:\Program Files (x86), PROCESSOR_ARCHITECTURE=AMD64, DRIVERDATA=C:\Windows\System32\Drivers\DriverData, PROGRAMFILES=C:\Program Files, =C:=C:\workjob2023\code\bootdo2, APPDATA=C:\Users\13504\AppData\Roaming, PSMODULEPATH=C:\Program Files\WindowsPowerShell\Modules;C:\WINDOWS\system32\WindowsPowerShell\v1.0\Modules, PROGRAMW6432=C:\Program Files, PROGRAMDATA=C:\ProgramData, SYSTEMROOT=C:\WINDOWS, USERNAME=13504, FPS_BROWSER_USER_PROFILE_STRING=Default, ONEDRIVE=C:\Users\13504\OneDrive, PATHEXT=.COM;.EXE;.BAT;.CMD;.VBS;.VBE;.JS;.JSE;.WSF;.WSH;.MSC, OS=Windows_NT, COMMONPROGRAMW6432=C:\Program Files\Common Files, COMPUTERNAME=DESKTOP-0HS8ISR, ONEDRIVECONSUMER=C:\Users\13504\OneDrive, COMMONPROGRAMFILES=C:\Program Files\Common Files, COMSPEC=C:\WINDOWS\system32\cmd.exe, PROCESSOR_REVISION=6001, WINDIR=C:\WINDOWS, HOMEPATH=\Users\13504, TEMP=C:\Users\13504\AppData\Local\Temp, HOMEDRIVE=C:, PROCESSOR_IDENTIFIER=AMD64 Family 23 Model 96 Stepping 1, AuthenticAMD, USERPROFILE=C:\Users\13504, TMP=C:\Users\13504\AppData\Local\Temp, PUBLIC=C:\Users\Public, NUMBER_OF_PROCESSORS=16, =::=::\, IDEA_INITIAL_DIRECTORY=C:\workjob2023\ideaIU-2022.2.2.win\bin}}]
09:41:18.276 [main] DEBUG org.springframework.core.io.support.PathMatchingResourcePatternResolver - Resolved classpath location [com/bootdo/testDemo/] to resources [URL [file:/C:/workjob2023/code/bootdo2/target/test-classes/com/bootdo/testDemo/]]
09:41:18.276 [main] DEBUG org.springframework.core.io.support.PathMatchingResourcePatternResolver - Looking for matching resources in directory tree [C:\workjob2023\code\bootdo2\target\test-classes\com\bootdo\testDemo]
09:41:18.277 [main] DEBUG org.springframework.core.io.support.PathMatchingResourcePatternResolver - Searching directory [C:\workjob2023\code\bootdo2\target\test-classes\com\bootdo\testDemo] for files matching pattern [C:/workjob2023/code/bootdo2/target/test-classes/com/bootdo/testDemo/*.class]
09:41:18.279 [main] DEBUG org.springframework.core.io.support.PathMatchingResourcePatternResolver - Resolved location pattern [classpath*:com/bootdo/testDemo/*.class] to resources [file [C:\workjob2023\code\bootdo2\target\test-classes\com\bootdo\testDemo\TestDemo.class]]
09:41:18.304 [main] DEBUG org.springframework.core.io.support.PathMatchingResourcePatternResolver - Resolved classpath location [com/bootdo/] to resources [URL [file:/C:/workjob2023/code/bootdo2/target/test-classes/com/bootdo/], URL [file:/C:/workjob2023/code/bootdo2/target/classes/com/bootdo/]]
09:41:18.304 [main] DEBUG org.springframework.core.io.support.PathMatchingResourcePatternResolver - Looking for matching resources in directory tree [C:\workjob2023\code\bootdo2\target\test-classes\com\bootdo]
09:41:18.304 [main] DEBUG org.springframework.core.io.support.PathMatchingResourcePatternResolver - Searching directory [C:\workjob2023\code\bootdo2\target\test-classes\com\bootdo] for files matching pattern [C:/workjob2023/code/bootdo2/target/test-classes/com/bootdo/*.class]
09:41:18.304 [main] DEBUG org.springframework.core.io.support.PathMatchingResourcePatternResolver - Looking for matching resources in directory tree [C:\workjob2023\code\bootdo2\target\classes\com\bootdo]
09:41:18.304 [main] DEBUG org.springframework.core.io.support.PathMatchingResourcePatternResolver - Searching directory [C:\workjob2023\code\bootdo2\target\classes\com\bootdo] for files matching pattern [C:/workjob2023/code/bootdo2/target/classes/com/bootdo/*.class]
09:41:18.306 [main] DEBUG org.springframework.core.io.support.PathMatchingResourcePatternResolver - Resolved location pattern [classpath*:com/bootdo/*.class] to resources [file [C:\workjob2023\code\bootdo2\target\classes\com\bootdo\BootdoApplication.class]]
09:41:18.342 [main] DEBUG org.springframework.context.annotation.ClassPathScanningCandidateComponentProvider - Identified candidate component class: file [C:\workjob2023\code\bootdo2\target\classes\com\bootdo\BootdoApplication.class]
09:41:18.344 [main] INFO org.springframework.boot.test.context.SpringBootTestContextBootstrapper - Found @SpringBootConfiguration com.bootdo.BootdoApplication for test class com.bootdo.testDemo.TestDemo
09:41:18.542 [main] DEBUG org.springframework.boot.test.context.SpringBootTestContextBootstrapper - @TestExecutionListeners is not present for class [com.bootdo.testDemo.TestDemo]: using defaults.
09:41:18.543 [main] INFO org.springframework.boot.test.context.SpringBootTestContextBootstrapper - Loaded default TestExecutionListener class names from location [META-INF/spring.factories]: [org.springframework.boot.test.mock.mockito.MockitoTestExecutionListener, org.springframework.boot.test.mock.mockito.ResetMocksTestExecutionListener, org.springframework.boot.test.autoconfigure.restdocs.RestDocsTestExecutionListener, org.springframework.boot.test.autoconfigure.web.client.MockRestServiceServerResetTestExecutionListener, org.springframework.boot.test.autoconfigure.web.servlet.MockMvcPrintOnlyOnFailureTestExecutionListener, org.springframework.boot.test.autoconfigure.web.servlet.WebDriverTestExecutionListener, org.springframework.test.context.web.ServletTestExecutionListener, org.springframework.test.context.support.DirtiesContextBeforeModesTestExecutionListener, org.springframework.test.context.support.DependencyInjectionTestExecutionListener, org.springframework.test.context.support.DirtiesContextTestExecutionListener, org.springframework.test.context.transaction.TransactionalTestExecutionListener, org.springframework.test.context.jdbc.SqlScriptsTestExecutionListener]
09:41:18.717 [main] INFO org.springframework.boot.test.context.SpringBootTestContextBootstrapper - Using TestExecutionListeners: [org.springframework.test.context.web.ServletTestExecutionListener@723ca036, org.springframework.test.context.support.DirtiesContextBeforeModesTestExecutionListener@25be7b63, org.springframework.boot.test.mock.mockito.MockitoTestExecutionListener@28dcca0c, org.springframework.boot.test.autoconfigure.SpringBootDependencyInjectionTestExecutionListener@45d84a20, org.springframework.test.context.support.DirtiesContextTestExecutionListener@52f27fbd, org.springframework.test.context.transaction.TransactionalTestExecutionListener@4c163e3, org.springframework.test.context.jdbc.SqlScriptsTestExecutionListener@4a8355dd, org.springframework.boot.test.mock.mockito.ResetMocksTestExecutionListener@4d0d9fe7, org.springframework.boot.test.autoconfigure.restdocs.RestDocsTestExecutionListener@c430e6c, org.springframework.boot.test.autoconfigure.web.client.MockRestServiceServerResetTestExecutionListener@312aa7c, org.springframework.boot.test.autoconfigure.web.servlet.MockMvcPrintOnlyOnFailureTestExecutionListener@536f2a7e, org.springframework.boot.test.autoconfigure.web.servlet.WebDriverTestExecutionListener@72bc6553]
09:41:18.719 [main] DEBUG org.springframework.test.annotation.ProfileValueUtils - Retrieved @ProfileValueSourceConfiguration [null] for test class [com.bootdo.testDemo.TestDemo]
09:41:18.719 [main] DEBUG org.springframework.test.annotation.ProfileValueUtils - Retrieved ProfileValueSource type [class org.springframework.test.annotation.SystemProfileValueSource] for class [com.bootdo.testDemo.TestDemo]
09:41:18.721 [main] DEBUG org.springframework.test.annotation.ProfileValueUtils - Retrieved @ProfileValueSourceConfiguration [null] for test class [com.bootdo.testDemo.TestDemo]
09:41:18.721 [main] DEBUG org.springframework.test.annotation.ProfileValueUtils - Retrieved ProfileValueSource type [class org.springframework.test.annotation.SystemProfileValueSource] for class [com.bootdo.testDemo.TestDemo]
09:41:18.722 [main] DEBUG org.springframework.test.annotation.ProfileValueUtils - Retrieved @ProfileValueSourceConfiguration [null] for test class [com.bootdo.testDemo.TestDemo]
09:41:18.722 [main] DEBUG org.springframework.test.annotation.ProfileValueUtils - Retrieved ProfileValueSource type [class org.springframework.test.annotation.SystemProfileValueSource] for class [com.bootdo.testDemo.TestDemo]
09:41:18.726 [main] DEBUG org.springframework.test.context.support.AbstractDirtiesContextTestExecutionListener - Before test class: context [DefaultTestContext@5745ca0e testClass = TestDemo, testInstance = [null], testMethod = [null], testException = [null], mergedContextConfiguration = [WebMergedContextConfiguration@3ad83a66 testClass = TestDemo, locations = '{}', classes = '{class com.bootdo.BootdoApplication}', contextInitializerClasses = '[]', activeProfiles = '{}', propertySourceLocations = '{}', propertySourceProperties = '{org.springframework.boot.test.context.SpringBootTestContextBootstrapper=true}', contextCustomizers = set[org.springframework.boot.test.context.filter.ExcludeFilterContextCustomizer@731f8236, org.springframework.boot.test.json.DuplicateJsonObjectContextCustomizerFactory$DuplicateJsonObjectContextCustomizer@6b53e23f, org.springframework.boot.test.mock.mockito.MockitoContextCustomizer@0, org.springframework.boot.test.web.client.TestRestTemplateContextCustomizer@8b96fde, org.springframework.boot.test.autoconfigure.properties.PropertyMappingContextCustomizer@0, org.springframework.boot.test.autoconfigure.web.servlet.WebDriverContextCustomizerFactory$Customizer@8e0379d], resourceBasePath = 'src/main/webapp', contextLoader = 'org.springframework.boot.test.context.SpringBootContextLoader', parent = [null]], attributes = map['org.springframework.test.context.web.ServletTestExecutionListener.activateListener' -> true]], class annotated with @DirtiesContext [false] with mode [null].
09:41:18.727 [main] DEBUG org.springframework.test.annotation.ProfileValueUtils - Retrieved @ProfileValueSourceConfiguration [null] for test class [com.bootdo.testDemo.TestDemo]
09:41:18.727 [main] DEBUG org.springframework.test.annotation.ProfileValueUtils - Retrieved ProfileValueSource type [class org.springframework.test.annotation.SystemProfileValueSource] for class [com.bootdo.testDemo.TestDemo]
09:41:18.753 [main] DEBUG org.springframework.core.env.StandardEnvironment - Adding PropertySource 'systemProperties' with lowest search precedence
09:41:18.753 [main] DEBUG org.springframework.core.env.StandardEnvironment - Adding PropertySource 'systemEnvironment' with lowest search precedence
09:41:18.754 [main] DEBUG org.springframework.core.env.StandardEnvironment - Initialized StandardEnvironment with PropertySources [MapPropertySource@1367937032 {name='systemProperties', properties={idea.version=2022.2.2, java.runtime.name=Java(TM) SE Runtime Environment, sun.boot.library.path=C:\Program Files\Java\jdk1.8.0_202\jre\bin, java.vm.version=25.202-b08, java.vm.vendor=Oracle Corporation, java.vendor.url=http://java.oracle.com/, path.separator=;, java.vm.name=Java HotSpot(TM) 64-Bit Server VM, file.encoding.pkg=sun.io, user.country=CN, user.script=, sun.java.launcher=SUN_STANDARD, sun.os.patch.level=, java.vm.specification.name=Java Virtual Machine Specification, user.dir=C:\workjob2023\code\bootdo2, java.runtime.version=1.8.0_202-b08, basedir=C:\workjob2023\code\bootdo2, java.awt.graphicsenv=sun.awt.Win32GraphicsEnvironment, java.endorsed.dirs=C:\Program Files\Java\jdk1.8.0_202\jre\lib\endorsed, os.arch=amd64, surefire.real.class.path=C:\Users\13504\AppData\Local\Temp\surefire5591964321395928774\surefirebooter8294809607802869276.jar, java.io.tmpdir=C:\Users\13504\AppData\Local\Temp\, line.separator=
, java.vm.specification.vendor=Oracle Corporation, user.variant=, os.name=Windows 10, sun.jnu.encoding=GBK, java.library.path=C:\Program Files\Java\jdk1.8.0_202\jre\bin;C:\WINDOWS\Sun\Java\bin;C:\WINDOWS\system32;C:\WINDOWS;C:\Program Files (x86)\Common Files\Oracle\Java\javapath;C:\WINDOWS\system32;C:\WINDOWS;C:\WINDOWS\System32\Wbem;C:\WINDOWS\System32\WindowsPowerShell\v1.0\;C:\WINDOWS\System32\OpenSSH\;C:\Program Files\NVIDIA Corporation\NVIDIA NvDLISR;C:\Program Files (x86)\NVIDIA Corporation\PhysX\Common;C:\Program Files\dotnet\;C:\Program Files (x86)\IDM Computer Solutions\UltraEdit;C:\Users\13504\AppData\Local\Microsoft\WindowsApps;C:\Users\13504\.dotnet\tools;., surefire.test.class.path=C:\workjob2023\code\bootdo2\target\test-classes;C:\workjob2023\code\bootdo2\target\classes;C:\workjob2023\repo\org\springframework\boot\spring-boot-starter\2.0.3.RELEASE\spring-boot-starter-2.0.3.RELEASE.jar;C:\workjob2023\repo\org\springframework\boot\spring-boot\2.0.3.RELEASE\spring-boot-2.0.3.RELEASE.jar;C:\workjob2023\repo\org\springframework\boot\spring-boot-autoconfigure\2.0.3.RELEASE\spring-boot-autoconfigure-2.0.3.RELEASE.jar;C:\workjob2023\repo\org\springframework\boot\spring-boot-starter-logging\2.0.3.RELEASE\spring-boot-starter-logging-2.0.3.RELEASE.jar;C:\workjob2023\repo\ch\qos\logback\logback-classic\1.2.3\logback-classic-1.2.3.jar;C:\workjob2023\repo\ch\qos\logback\logback-core\1.2.3\logback-core-1.2.3.jar;C:\workjob2023\repo\org\apache\logging\log4j\log4j-to-slf4j\2.10.0\log4j-to-slf4j-2.10.0.jar;C:\workjob2023\repo\org\apache\logging\log4j\log4j-api\2.10.0\log4j-api-2.10.0.jar;C:\workjob2023\repo\org\slf4j\jul-to-slf4j\1.7.25\jul-to-slf4j-1.7.25.jar;C:\workjob2023\repo\javax\annotation\javax.annotation-api\1.3.2\javax.annotation-api-1.3.2.jar;C:\workjob2023\repo\org\springframework\spring-core\5.0.7.RELEASE\spring-core-5.0.7.RELEASE.jar;C:\workjob2023\repo\org\springframework\spring-jcl\5.0.7.RELEASE\spring-jcl-5.0.7.RELEASE.jar;C:\workjob2023\repo\org\yaml\snakeyaml\1.19\snakeyaml-1.19.jar;C:\workjob2023\repo\org\springframework\boot\spring-boot-starter-test\2.0.3.RELEASE\spring-boot-starter-test-2.0.3.RELEASE.jar;C:\workjob2023\repo\org\springframework\boot\spring-boot-test\2.0.3.RELEASE\spring-boot-test-2.0.3.RELEASE.jar;C:\workjob2023\repo\org\springframework\boot\spring-boot-test-autoconfigure\2.0.3.RELEASE\spring-boot-test-autoconfigure-2.0.3.RELEASE.jar;C:\workjob2023\repo\com\jayway\jsonpath\json-path\2.4.0\json-path-2.4.0.jar;C:\workjob2023\repo\net\minidev\json-smart\2.3\json-smart-2.3.jar;C:\workjob2023\repo\net\minidev\accessors-smart\1.2\accessors-smart-1.2.jar;C:\workjob2023\repo\org\ow2\asm\asm\5.0.4\asm-5.0.4.jar;C:\workjob2023\repo\junit\junit\4.12\junit-4.12.jar;C:\workjob2023\repo\org\assertj\assertj-core\3.9.1\assertj-core-3.9.1.jar;C:\workjob2023\repo\org\mockito\mockito-core\2.15.0\mockito-core-2.15.0.jar;C:\workjob2023\repo\net\bytebuddy\byte-buddy\1.7.11\byte-buddy-1.7.11.jar;C:\workjob2023\repo\net\bytebuddy\byte-buddy-agent\1.7.11\byte-buddy-agent-1.7.11.jar;C:\workjob2023\repo\org\objenesis\objenesis\2.6\objenesis-2.6.jar;C:\workjob2023\repo\org\hamcrest\hamcrest-core\1.3\hamcrest-core-1.3.jar;C:\workjob2023\repo\org\hamcrest\hamcrest-library\1.3\hamcrest-library-1.3.jar;C:\workjob2023\repo\org\skyscreamer\jsonassert\1.5.0\jsonassert-1.5.0.jar;C:\workjob2023\repo\com\vaadin\external\google\android-json\0.0.20131108.vaadin1\android-json-0.0.20131108.vaadin1.jar;C:\workjob2023\repo\org\springframework\spring-test\5.0.7.RELEASE\spring-test-5.0.7.RELEASE.jar;C:\workjob2023\repo\org\xmlunit\xmlunit-core\2.5.1\xmlunit-core-2.5.1.jar;C:\workjob2023\repo\org\springframework\boot\spring-boot-starter-aop\2.0.3.RELEASE\spring-boot-starter-aop-2.0.3.RELEASE.jar;C:\workjob2023\repo\org\springframework\spring-aop\5.0.7.RELEASE\spring-aop-5.0.7.RELEASE.jar;C:\workjob2023\repo\org\aspectj\aspectjweaver\1.8.13\aspectjweaver-1.8.13.jar;C:\workjob2023\repo\org\springframework\boot\spring-boot-starter-web\2.0.3.RELEASE\spring-boot-starter-web-2.0.3.RELEASE.jar;C:\workjob2023\repo\org\springframework\boot\spring-boot-starter-json\2.0.3.RELEASE\spring-boot-starter-json-2.0.3.RELEASE.jar;C:\workjob2023\repo\com\fasterxml\jackson\datatype\jackson-datatype-jdk8\2.9.6\jackson-datatype-jdk8-2.9.6.jar;C:\workjob2023\repo\com\fasterxml\jackson\datatype\jackson-datatype-jsr310\2.9.6\jackson-datatype-jsr310-2.9.6.jar;C:\workjob2023\repo\com\fasterxml\jackson\module\jackson-module-parameter-names\2.9.6\jackson-module-parameter-names-2.9.6.jar;C:\workjob2023\repo\org\springframework\boot\spring-boot-starter-tomcat\2.0.3.RELEASE\spring-boot-starter-tomcat-2.0.3.RELEASE.jar;C:\workjob2023\repo\org\apache\tomcat\embed\tomcat-embed-core\8.5.31\tomcat-embed-core-8.5.31.jar;C:\workjob2023\repo\org\apache\tomcat\embed\tomcat-embed-el\8.5.31\tomcat-embed-el-8.5.31.jar;C:\workjob2023\repo\org\apache\tomcat\embed\tomcat-embed-websocket\8.5.31\tomcat-embed-websocket-8.5.31.jar;C:\workjob2023\repo\org\hibernate\validator\hibernate-validator\6.0.10.Final\hibernate-validator-6.0.10.Final.jar;C:\workjob2023\repo\javax\validation\validation-api\2.0.1.Final\validation-api-2.0.1.Final.jar;C:\workjob2023\repo\org\jboss\logging\jboss-logging\3.3.2.Final\jboss-logging-3.3.2.Final.jar;C:\workjob2023\repo\org\springframework\spring-web\5.0.7.RELEASE\spring-web-5.0.7.RELEASE.jar;C:\workjob2023\repo\org\springframework\spring-webmvc\5.0.7.RELEASE\spring-webmvc-5.0.7.RELEASE.jar;C:\workjob2023\repo\org\springframework\spring-expression\5.0.7.RELEASE\spring-expression-5.0.7.RELEASE.jar;C:\workjob2023\repo\org\springframework\boot\spring-boot-starter-thymeleaf\2.0.3.RELEASE\spring-boot-starter-thymeleaf-2.0.3.RELEASE.jar;C:\workjob2023\repo\org\thymeleaf\thymeleaf-spring5\3.0.9.RELEASE\thymeleaf-spring5-3.0.9.RELEASE.jar;C:\workjob2023\repo\org\thymeleaf\thymeleaf\3.0.9.RELEASE\thymeleaf-3.0.9.RELEASE.jar;C:\workjob2023\repo\org\attoparser\attoparser\2.0.4.RELEASE\attoparser-2.0.4.RELEASE.jar;C:\workjob2023\repo\org\unbescape\unbescape\1.1.5.RELEASE\unbescape-1.1.5.RELEASE.jar;C:\workjob2023\repo\org\thymeleaf\extras\thymeleaf-extras-java8time\3.0.1.RELEASE\thymeleaf-extras-java8time-3.0.1.RELEASE.jar;C:\workjob2023\repo\net\sourceforge\nekohtml\nekohtml\1.9.22\nekohtml-1.9.22.jar;C:\workjob2023\repo\xerces\xercesImpl\2.11.0\xercesImpl-2.11.0.jar;C:\workjob2023\repo\xml-apis\xml-apis\1.4.01\xml-apis-1.4.01.jar;C:\workjob2023\repo\mysql\mysql-connector-java\5.1.46\mysql-connector-java-5.1.46.jar;C:\workjob2023\repo\org\mybatis\mybatis\3.4.4\mybatis-3.4.4.jar;C:\workjob2023\repo\org\mybatis\spring\boot\mybatis-spring-boot-starter\1.1.1\mybatis-spring-boot-starter-1.1.1.jar;C:\workjob2023\repo\org\mybatis\spring\boot\mybatis-spring-boot-autoconfigure\1.1.1\mybatis-spring-boot-autoconfigure-1.1.1.jar;C:\workjob2023\repo\org\mybatis\mybatis-spring\1.3.0\mybatis-spring-1.3.0.jar;C:\workjob2023\repo\org\springframework\boot\spring-boot-starter-jdbc\2.0.3.RELEASE\spring-boot-starter-jdbc-2.0.3.RELEASE.jar;C:\workjob2023\repo\com\zaxxer\HikariCP\2.7.9\HikariCP-2.7.9.jar;C:\workjob2023\repo\com\alibaba\druid\1.0.28\druid-1.0.28.jar;C:\Program Files\Java\jdk1.8.0_202\jre\..\lib\jconsole.jar;C:\Program Files\Java\jdk1.8.0_202\jre\..\lib\tools.jar;C:\workjob2023\repo\org\apache\commons\commons-lang3\3.6\commons-lang3-3.6.jar;C:\workjob2023\repo\commons-configuration\commons-configuration\1.10\commons-configuration-1.10.jar;C:\workjob2023\repo\commons-lang\commons-lang\2.6\commons-lang-2.6.jar;C:\workjob2023\repo\commons-logging\commons-logging\1.1.1\commons-logging-1.1.1.jar;C:\workjob2023\repo\commons-io\commons-io\2.5\commons-io-2.5.jar;C:\workjob2023\repo\org\apache\shiro\shiro-core\1.3.2\shiro-core-1.3.2.jar;C:\workjob2023\repo\org\slf4j\slf4j-api\1.7.25\slf4j-api-1.7.25.jar;C:\workjob2023\repo\commons-beanutils\commons-beanutils\1.8.3\commons-beanutils-1.8.3.jar;C:\workjob2023\repo\org\apache\shiro\shiro-spring\1.3.2\shiro-spring-1.3.2.jar;C:\workjob2023\repo\org\apache\shiro\shiro-web\1.3.2\shiro-web-1.3.2.jar;C:\workjob2023\repo\org\apache\shiro\shiro-ehcache\1.4.0\shiro-ehcache-1.4.0.jar;C:\workjob2023\repo\org\apache\shiro\shiro-cache\1.4.0\shiro-cache-1.4.0.jar;C:\workjob2023\repo\org\apache\shiro\shiro-lang\1.4.0\shiro-lang-1.4.0.jar;C:\workjob2023\repo\com\github\theborakompanioni\thymeleaf-extras-shiro\2.0.0\thymeleaf-extras-shiro-2.0.0.jar;C:\workjob2023\repo\com\alibaba\fastjson\1.2.31\fastjson-1.2.31.jar;C:\workjob2023\repo\org\apache\velocity\velocity\1.7\velocity-1.7.jar;C:\workjob2023\repo\commons-collections\commons-collections\3.2.1\commons-collections-3.2.1.jar;C:\workjob2023\repo\org\springframework\boot\spring-boot-starter-cache\2.0.3.RELEASE\spring-boot-starter-cache-2.0.3.RELEASE.jar;C:\workjob2023\repo\org\springframework\spring-context\5.0.7.RELEASE\spring-context-5.0.7.RELEASE.jar;C:\workjob2023\repo\net\sf\ehcache\ehcache\2.10.5\ehcache-2.10.5.jar;C:\workjob2023\repo\org\quartz-scheduler\quartz\2.2.1\quartz-2.2.1.jar;C:\workjob2023\repo\c3p0\c3p0\0.9.1.1\c3p0-0.9.1.1.jar;C:\workjob2023\repo\org\springframework\boot\spring-boot-starter-websocket\2.0.3.RELEASE\spring-boot-starter-websocket-2.0.3.RELEASE.jar;C:\workjob2023\repo\org\springframework\spring-messaging\5.0.7.RELEASE\spring-messaging-5.0.7.RELEASE.jar;C:\workjob2023\repo\org\springframework\spring-websocket\5.0.7.RELEASE\spring-websocket-5.0.7.RELEASE.jar;C:\workjob2023\repo\org\springframework\spring-context-support\5.0.7.RELEASE\spring-context-support-5.0.7.RELEASE.jar;C:\workjob2023\repo\org\springframework\spring-beans\5.0.7.RELEASE\spring-beans-5.0.7.RELEASE.jar;C:\workjob2023\repo\org\springframework\boot\spring-boot-devtools\2.0.5.RELEASE\spring-boot-devtools-2.0.5.RELEASE.jar;C:\workjob2023\repo\org\activiti\activiti-engine\5.22.0\activiti-engine-5.22.0.jar;C:\workjob2023\repo\org\activiti\activiti-bpmn-converter\5.22.0\activiti-bpmn-converter-5.22.0.jar;C:\workjob2023\repo\org\activiti\activiti-bpmn-model\5.22.0\activiti-bpmn-model-5.22.0.jar;C:\workjob2023\repo\org\activiti\activiti-process-validation\5.22.0\activiti-process-validation-5.22.0.jar;C:\workjob2023\repo\org\activiti\activiti-image-generator\5.22.0\activiti-image-generator-5.22.0.jar;C:\workjob2023\repo\org\apache\commons\commons-email\1.4\commons-email-1.4.jar;C:\workjob2023\repo\com\sun\mail\javax.mail\1.6.1\javax.mail-1.6.1.jar;C:\workjob2023\repo\javax\activation\activation\1.1.1\activation-1.1.1.jar;C:\workjob2023\repo\joda-time\joda-time\2.9.9\joda-time-2.9.9.jar;C:\workjob2023\repo\org\slf4j\jcl-over-slf4j\1.7.25\jcl-over-slf4j-1.7.25.jar;C:\workjob2023\repo\org\activiti\activiti-spring\5.22.0\activiti-spring-5.22.0.jar;C:\workjob2023\repo\org\springframework\spring-jdbc\5.0.7.RELEASE\spring-jdbc-5.0.7.RELEASE.jar;C:\workjob2023\repo\org\springframework\spring-tx\5.0.7.RELEASE\spring-tx-5.0.7.RELEASE.jar;C:\workjob2023\repo\org\springframework\spring-orm\5.0.7.RELEASE\spring-orm-5.0.7.RELEASE.jar;C:\workjob2023\repo\commons-dbcp\commons-dbcp\1.4\commons-dbcp-1.4.jar;C:\workjob2023\repo\commons-pool\commons-pool\1.6\commons-pool-1.6.jar;C:\workjob2023\repo\org\activiti\activiti-modeler\5.22.0\activiti-modeler-5.22.0.jar;C:\workjob2023\repo\org\activiti\activiti-common-rest\5.22.0\activiti-common-rest-5.22.0.jar;C:\workjob2023\repo\org\activiti\activiti-json-converter\5.22.0\activiti-json-converter-5.22.0.jar;C:\workjob2023\repo\math\geom2d\javaGeom\0.11.1\javaGeom-0.11.1.jar;C:\workjob2023\repo\org\springframework\security\spring-security-config\5.0.6.RELEASE\spring-security-config-5.0.6.RELEASE.jar;C:\workjob2023\repo\org\springframework\security\spring-security-core\5.0.6.RELEASE\spring-security-core-5.0.6.RELEASE.jar;C:\workjob2023\repo\org\springframework\security\spring-security-crypto\5.0.6.RELEASE\spring-security-crypto-5.0.6.RELEASE.jar;C:\workjob2023\repo\org\springframework\security\spring-security-web\5.0.6.RELEASE\spring-security-web-5.0.6.RELEASE.jar;C:\workjob2023\repo\com\fasterxml\jackson\core\jackson-core\2.9.6\jackson-core-2.9.6.jar;C:\workjob2023\repo\com\fasterxml\jackson\core\jackson-databind\2.9.6\jackson-databind-2.9.6.jar;C:\workjob2023\repo\com\fasterxml\jackson\core\jackson-annotations\2.9.0\jackson-annotations-2.9.0.jar;C:\workjob2023\repo\org\apache\xmlgraphics\batik-parser\1.7\batik-parser-1.7.jar;C:\workjob2023\repo\org\apache\xmlgraphics\batik-awt-util\1.7\batik-awt-util-1.7.jar;C:\workjob2023\repo\org\apache\xmlgraphics\batik-util\1.7\batik-util-1.7.jar;C:\workjob2023\repo\org\apache\xmlgraphics\batik-xml\1.7\batik-xml-1.7.jar;C:\workjob2023\repo\org\apache\xmlgraphics\batik-transcoder\1.7\batik-transcoder-1.7.jar;C:\workjob2023\repo\org\apache\xmlgraphics\fop\0.94\fop-0.94.jar;C:\workjob2023\repo\org\apache\xmlgraphics\xmlgraphics-commons\1.2\xmlgraphics-commons-1.2.jar;C:\workjob2023\repo\org\apache\avalon\framework\avalon-framework-api\4.3.1\avalon-framework-api-4.3.1.jar;C:\workjob2023\repo\org\apache\avalon\framework\avalon-framework-impl\4.3.1\avalon-framework-impl-4.3.1.jar;C:\workjob2023\repo\org\apache\xmlgraphics\batik-dom\1.7\batik-dom-1.7.jar;C:\workjob2023\repo\org\apache\xmlgraphics\batik-gvt\1.7\batik-gvt-1.7.jar;C:\workjob2023\repo\xml-apis\xml-apis-ext\1.3.04\xml-apis-ext-1.3.04.jar;C:\workjob2023\repo\org\apache\xmlgraphics\batik-bridge\1.7\batik-bridge-1.7.jar;C:\workjob2023\repo\org\apache\xmlgraphics\batik-anim\1.7\batik-anim-1.7.jar;C:\workjob2023\repo\org\apache\xmlgraphics\batik-ext\1.7\batik-ext-1.7.jar;C:\workjob2023\repo\org\apache\xmlgraphics\batik-script\1.7\batik-script-1.7.jar;C:\workjob2023\repo\org\apache\xmlgraphics\batik-js\1.7\batik-js-1.7.jar;C:\workjob2023\repo\org\apache\xmlgraphics\batik-codec\1.7\batik-codec-1.7.jar;C:\workjob2023\repo\org\apache\xmlgraphics\batik-css\1.7\batik-css-1.7.jar;C:\workjob2023\repo\org\apache\xmlgraphics\batik-svg-dom\1.7\batik-svg-dom-1.7.jar;C:\workjob2023\repo\org\apache\xmlgraphics\batik-svggen\1.7\batik-svggen-1.7.jar;C:\workjob2023\repo\org\activiti\activiti-diagram-rest\5.22.0\activiti-diagram-rest-5.22.0.jar;C:\workjob2023\repo\io\springfox\springfox-swagger2\2.6.1\springfox-swagger2-2.6.1.jar;C:\workjob2023\repo\io\swagger\swagger-annotations\1.5.10\swagger-annotations-1.5.10.jar;C:\workjob2023\repo\io\swagger\swagger-models\1.5.10\swagger-models-1.5.10.jar;C:\workjob2023\repo\io\springfox\springfox-spi\2.6.1\springfox-spi-2.6.1.jar;C:\workjob2023\repo\io\springfox\springfox-core\2.6.1\springfox-core-2.6.1.jar;C:\workjob2023\repo\io\springfox\springfox-schema\2.6.1\springfox-schema-2.6.1.jar;C:\workjob2023\repo\io\springfox\springfox-swagger-common\2.6.1\springfox-swagger-common-2.6.1.jar;C:\workjob2023\repo\io\springfox\springfox-spring-web\2.6.1\springfox-spring-web-2.6.1.jar;C:\workjob2023\repo\com\google\guava\guava\18.0\guava-18.0.jar;C:\workjob2023\repo\com\fasterxml\classmate\1.3.4\classmate-1.3.4.jar;C:\workjob2023\repo\org\springframework\plugin\spring-plugin-core\1.2.0.RELEASE\spring-plugin-core-1.2.0.RELEASE.jar;C:\workjob2023\repo\org\springframework\plugin\spring-plugin-metadata\1.2.0.RELEASE\spring-plugin-metadata-1.2.0.RELEASE.jar;C:\workjob2023\repo\org\mapstruct\mapstruct\1.0.0.Final\mapstruct-1.0.0.Final.jar;C:\workjob2023\repo\io\springfox\springfox-swagger-ui\2.6.1\springfox-swagger-ui-2.6.1.jar;C:\workjob2023\repo\org\springframework\boot\spring-boot-starter-data-redis\2.0.3.RELEASE\spring-boot-starter-data-redis-2.0.3.RELEASE.jar;C:\workjob2023\repo\org\springframework\data\spring-data-redis\2.0.8.RELEASE\spring-data-redis-2.0.8.RELEASE.jar;C:\workjob2023\repo\org\springframework\data\spring-data-keyvalue\2.0.8.RELEASE\spring-data-keyvalue-2.0.8.RELEASE.jar;C:\workjob2023\repo\org\springframework\data\spring-data-commons\2.0.8.RELEASE\spring-data-commons-2.0.8.RELEASE.jar;C:\workjob2023\repo\org\springframework\spring-oxm\5.0.7.RELEASE\spring-oxm-5.0.7.RELEASE.jar;C:\workjob2023\repo\io\lettuce\lettuce-core\5.0.4.RELEASE\lettuce-core-5.0.4.RELEASE.jar;C:\workjob2023\repo\io\projectreactor\reactor-core\3.1.8.RELEASE\reactor-core-3.1.8.RELEASE.jar;C:\workjob2023\repo\org\reactivestreams\reactive-streams\1.0.2\reactive-streams-1.0.2.jar;C:\workjob2023\repo\io\netty\netty-common\4.1.25.Final\netty-common-4.1.25.Final.jar;C:\workjob2023\repo\io\netty\netty-transport\4.1.25.Final\netty-transport-4.1.25.Final.jar;C:\workjob2023\repo\io\netty\netty-buffer\4.1.25.Final\netty-buffer-4.1.25.Final.jar;C:\workjob2023\repo\io\netty\netty-resolver\4.1.25.Final\netty-resolver-4.1.25.Final.jar;C:\workjob2023\repo\io\netty\netty-handler\4.1.25.Final\netty-handler-4.1.25.Final.jar;C:\workjob2023\repo\io\netty\netty-codec\4.1.25.Final\netty-codec-4.1.25.Final.jar;C:\workjob2023\repo\redis\clients\jedis\2.9.0\jedis-2.9.0.jar;C:\workjob2023\repo\org\apache\commons\commons-pool2\2.5.0\commons-pool2-2.5.0.jar;C:\workjob2023\repo\org\jsoup\jsoup\1.9.2\jsoup-1.9.2.jar;, java.specification.name=Java Platform API Specification, java.class.version=52.0, sun.management.compiler=HotSpot 64-Bit Tiered Compilers, maven.repo.local=C:\workjob2023\repo, os.version=10.0, user.home=C:\Users\13504, user.timezone=Asia/Shanghai, java.awt.printerjob=sun.awt.windows.WPrinterJob, file.encoding=GBK, java.specification.version=1.8, java.class.path=C:\workjob2023\code\bootdo2\target\test-classes;C:\workjob2023\code\bootdo2\target\classes;C:\workjob2023\repo\org\springframework\boot\spring-boot-starter\2.0.3.RELEASE\spring-boot-starter-2.0.3.RELEASE.jar;C:\workjob2023\repo\org\springframework\boot\spring-boot\2.0.3.RELEASE\spring-boot-2.0.3.RELEASE.jar;C:\workjob2023\repo\org\springframework\boot\spring-boot-autoconfigure\2.0.3.RELEASE\spring-boot-autoconfigure-2.0.3.RELEASE.jar;C:\workjob2023\repo\org\springframework\boot\spring-boot-starter-logging\2.0.3.RELEASE\spring-boot-starter-logging-2.0.3.RELEASE.jar;C:\workjob2023\repo\ch\qos\logback\logback-classic\1.2.3\logback-classic-1.2.3.jar;C:\workjob2023\repo\ch\qos\logback\logback-core\1.2.3\logback-core-1.2.3.jar;C:\workjob2023\repo\org\apache\logging\log4j\log4j-to-slf4j\2.10.0\log4j-to-slf4j-2.10.0.jar;C:\workjob2023\repo\org\apache\logging\log4j\log4j-api\2.10.0\log4j-api-2.10.0.jar;C:\workjob2023\repo\org\slf4j\jul-to-slf4j\1.7.25\jul-to-slf4j-1.7.25.jar;C:\workjob2023\repo\javax\annotation\javax.annotation-api\1.3.2\javax.annotation-api-1.3.2.jar;C:\workjob2023\repo\org\springframework\spring-core\5.0.7.RELEASE\spring-core-5.0.7.RELEASE.jar;C:\workjob2023\repo\org\springframework\spring-jcl\5.0.7.RELEASE\spring-jcl-5.0.7.RELEASE.jar;C:\workjob2023\repo\org\yaml\snakeyaml\1.19\snakeyaml-1.19.jar;C:\workjob2023\repo\org\springframework\boot\spring-boot-starter-test\2.0.3.RELEASE\spring-boot-starter-test-2.0.3.RELEASE.jar;C:\workjob2023\repo\org\springframework\boot\spring-boot-test\2.0.3.RELEASE\spring-boot-test-2.0.3.RELEASE.jar;C:\workjob2023\repo\org\springframework\boot\spring-boot-test-autoconfigure\2.0.3.RELEASE\spring-boot-test-autoconfigure-2.0.3.RELEASE.jar;C:\workjob2023\repo\com\jayway\jsonpath\json-path\2.4.0\json-path-2.4.0.jar;C:\workjob2023\repo\net\minidev\json-smart\2.3\json-smart-2.3.jar;C:\workjob2023\repo\net\minidev\accessors-smart\1.2\accessors-smart-1.2.jar;C:\workjob2023\repo\org\ow2\asm\asm\5.0.4\asm-5.0.4.jar;C:\workjob2023\repo\junit\junit\4.12\junit-4.12.jar;C:\workjob2023\repo\org\assertj\assertj-core\3.9.1\assertj-core-3.9.1.jar;C:\workjob2023\repo\org\mockito\mockito-core\2.15.0\mockito-core-2.15.0.jar;C:\workjob2023\repo\net\bytebuddy\byte-buddy\1.7.11\byte-buddy-1.7.11.jar;C:\workjob2023\repo\net\bytebuddy\byte-buddy-agent\1.7.11\byte-buddy-agent-1.7.11.jar;C:\workjob2023\repo\org\objenesis\objenesis\2.6\objenesis-2.6.jar;C:\workjob2023\repo\org\hamcrest\hamcrest-core\1.3\hamcrest-core-1.3.jar;C:\workjob2023\repo\org\hamcrest\hamcrest-library\1.3\hamcrest-library-1.3.jar;C:\workjob2023\repo\org\skyscreamer\jsonassert\1.5.0\jsonassert-1.5.0.jar;C:\workjob2023\repo\com\vaadin\external\google\android-json\0.0.20131108.vaadin1\android-json-0.0.20131108.vaadin1.jar;C:\workjob2023\repo\org\springframework\spring-test\5.0.7.RELEASE\spring-test-5.0.7.RELEASE.jar;C:\workjob2023\repo\org\xmlunit\xmlunit-core\2.5.1\xmlunit-core-2.5.1.jar;C:\workjob2023\repo\org\springframework\boot\spring-boot-starter-aop\2.0.3.RELEASE\spring-boot-starter-aop-2.0.3.RELEASE.jar;C:\workjob2023\repo\org\springframework\spring-aop\5.0.7.RELEASE\spring-aop-5.0.7.RELEASE.jar;C:\workjob2023\repo\org\aspectj\aspectjweaver\1.8.13\aspectjweaver-1.8.13.jar;C:\workjob2023\repo\org\springframework\boot\spring-boot-starter-web\2.0.3.RELEASE\spring-boot-starter-web-2.0.3.RELEASE.jar;C:\workjob2023\repo\org\springframework\boot\spring-boot-starter-json\2.0.3.RELEASE\spring-boot-starter-json-2.0.3.RELEASE.jar;C:\workjob2023\repo\com\fasterxml\jackson\datatype\jackson-datatype-jdk8\2.9.6\jackson-datatype-jdk8-2.9.6.jar;C:\workjob2023\repo\com\fasterxml\jackson\datatype\jackson-datatype-jsr310\2.9.6\jackson-datatype-jsr310-2.9.6.jar;C:\workjob2023\repo\com\fasterxml\jackson\module\jackson-module-parameter-names\2.9.6\jackson-module-parameter-names-2.9.6.jar;C:\workjob2023\repo\org\springframework\boot\spring-boot-starter-tomcat\2.0.3.RELEASE\spring-boot-starter-tomcat-2.0.3.RELEASE.jar;C:\workjob2023\repo\org\apache\tomcat\embed\tomcat-embed-core\8.5.31\tomcat-embed-core-8.5.31.jar;C:\workjob2023\repo\org\apache\tomcat\embed\tomcat-embed-el\8.5.31\tomcat-embed-el-8.5.31.jar;C:\workjob2023\repo\org\apache\tomcat\embed\tomcat-embed-websocket\8.5.31\tomcat-embed-websocket-8.5.31.jar;C:\workjob2023\repo\org\hibernate\validator\hibernate-validator\6.0.10.Final\hibernate-validator-6.0.10.Final.jar;C:\workjob2023\repo\javax\validation\validation-api\2.0.1.Final\validation-api-2.0.1.Final.jar;C:\workjob2023\repo\org\jboss\logging\jboss-logging\3.3.2.Final\jboss-logging-3.3.2.Final.jar;C:\workjob2023\repo\org\springframework\spring-web\5.0.7.RELEASE\spring-web-5.0.7.RELEASE.jar;C:\workjob2023\repo\org\springframework\spring-webmvc\5.0.7.RELEASE\spring-webmvc-5.0.7.RELEASE.jar;C:\workjob2023\repo\org\springframework\spring-expression\5.0.7.RELEASE\spring-expression-5.0.7.RELEASE.jar;C:\workjob2023\repo\org\springframework\boot\spring-boot-starter-thymeleaf\2.0.3.RELEASE\spring-boot-starter-thymeleaf-2.0.3.RELEASE.jar;C:\workjob2023\repo\org\thymeleaf\thymeleaf-spring5\3.0.9.RELEASE\thymeleaf-spring5-3.0.9.RELEASE.jar;C:\workjob2023\repo\org\thymeleaf\thymeleaf\3.0.9.RELEASE\thymeleaf-3.0.9.RELEASE.jar;C:\workjob2023\repo\org\attoparser\attoparser\2.0.4.RELEASE\attoparser-2.0.4.RELEASE.jar;C:\workjob2023\repo\org\unbescape\unbescape\1.1.5.RELEASE\unbescape-1.1.5.RELEASE.jar;C:\workjob2023\repo\org\thymeleaf\extras\thymeleaf-extras-java8time\3.0.1.RELEASE\thymeleaf-extras-java8time-3.0.1.RELEASE.jar;C:\workjob2023\repo\net\sourceforge\nekohtml\nekohtml\1.9.22\nekohtml-1.9.22.jar;C:\workjob2023\repo\xerces\xercesImpl\2.11.0\xercesImpl-2.11.0.jar;C:\workjob2023\repo\xml-apis\xml-apis\1.4.01\xml-apis-1.4.01.jar;C:\workjob2023\repo\mysql\mysql-connector-java\5.1.46\mysql-connector-java-5.1.46.jar;C:\workjob2023\repo\org\mybatis\mybatis\3.4.4\mybatis-3.4.4.jar;C:\workjob2023\repo\org\mybatis\spring\boot\mybatis-spring-boot-starter\1.1.1\mybatis-spring-boot-starter-1.1.1.jar;C:\workjob2023\repo\org\mybatis\spring\boot\mybatis-spring-boot-autoconfigure\1.1.1\mybatis-spring-boot-autoconfigure-1.1.1.jar;C:\workjob2023\repo\org\mybatis\mybatis-spring\1.3.0\mybatis-spring-1.3.0.jar;C:\workjob2023\repo\org\springframework\boot\spring-boot-starter-jdbc\2.0.3.RELEASE\spring-boot-starter-jdbc-2.0.3.RELEASE.jar;C:\workjob2023\repo\com\zaxxer\HikariCP\2.7.9\HikariCP-2.7.9.jar;C:\workjob2023\repo\com\alibaba\druid\1.0.28\druid-1.0.28.jar;C:\Program Files\Java\jdk1.8.0_202\jre\..\lib\jconsole.jar;C:\Program Files\Java\jdk1.8.0_202\jre\..\lib\tools.jar;C:\workjob2023\repo\org\apache\commons\commons-lang3\3.6\commons-lang3-3.6.jar;C:\workjob2023\repo\commons-configuration\commons-configuration\1.10\commons-configuration-1.10.jar;C:\workjob2023\repo\commons-lang\commons-lang\2.6\commons-lang-2.6.jar;C:\workjob2023\repo\commons-logging\commons-logging\1.1.1\commons-logging-1.1.1.jar;C:\workjob2023\repo\commons-io\commons-io\2.5\commons-io-2.5.jar;C:\workjob2023\repo\org\apache\shiro\shiro-core\1.3.2\shiro-core-1.3.2.jar;C:\workjob2023\repo\org\slf4j\slf4j-api\1.7.25\slf4j-api-1.7.25.jar;C:\workjob2023\repo\commons-beanutils\commons-beanutils\1.8.3\commons-beanutils-1.8.3.jar;C:\workjob2023\repo\org\apache\shiro\shiro-spring\1.3.2\shiro-spring-1.3.2.jar;C:\workjob2023\repo\org\apache\shiro\shiro-web\1.3.2\shiro-web-1.3.2.jar;C:\workjob2023\repo\org\apache\shiro\shiro-ehcache\1.4.0\shiro-ehcache-1.4.0.jar;C:\workjob2023\repo\org\apache\shiro\shiro-cache\1.4.0\shiro-cache-1.4.0.jar;C:\workjob2023\repo\org\apache\shiro\shiro-lang\1.4.0\shiro-lang-1.4.0.jar;C:\workjob2023\repo\com\github\theborakompanioni\thymeleaf-extras-shiro\2.0.0\thymeleaf-extras-shiro-2.0.0.jar;C:\workjob2023\repo\com\alibaba\fastjson\1.2.31\fastjson-1.2.31.jar;C:\workjob2023\repo\org\apache\velocity\velocity\1.7\velocity-1.7.jar;C:\workjob2023\repo\commons-collections\commons-collections\3.2.1\commons-collections-3.2.1.jar;C:\workjob2023\repo\org\springframework\boot\spring-boot-starter-cache\2.0.3.RELEASE\spring-boot-starter-cache-2.0.3.RELEASE.jar;C:\workjob2023\repo\org\springframework\spring-context\5.0.7.RELEASE\spring-context-5.0.7.RELEASE.jar;C:\workjob2023\repo\net\sf\ehcache\ehcache\2.10.5\ehcache-2.10.5.jar;C:\workjob2023\repo\org\quartz-scheduler\quartz\2.2.1\quartz-2.2.1.jar;C:\workjob2023\repo\c3p0\c3p0\0.9.1.1\c3p0-0.9.1.1.jar;C:\workjob2023\repo\org\springframework\boot\spring-boot-starter-websocket\2.0.3.RELEASE\spring-boot-starter-websocket-2.0.3.RELEASE.jar;C:\workjob2023\repo\org\springframework\spring-messaging\5.0.7.RELEASE\spring-messaging-5.0.7.RELEASE.jar;C:\workjob2023\repo\org\springframework\spring-websocket\5.0.7.RELEASE\spring-websocket-5.0.7.RELEASE.jar;C:\workjob2023\repo\org\springframework\spring-context-support\5.0.7.RELEASE\spring-context-support-5.0.7.RELEASE.jar;C:\workjob2023\repo\org\springframework\spring-beans\5.0.7.RELEASE\spring-beans-5.0.7.RELEASE.jar;C:\workjob2023\repo\org\springframework\boot\spring-boot-devtools\2.0.5.RELEASE\spring-boot-devtools-2.0.5.RELEASE.jar;C:\workjob2023\repo\org\activiti\activiti-engine\5.22.0\activiti-engine-5.22.0.jar;C:\workjob2023\repo\org\activiti\activiti-bpmn-converter\5.22.0\activiti-bpmn-converter-5.22.0.jar;C:\workjob2023\repo\org\activiti\activiti-bpmn-model\5.22.0\activiti-bpmn-model-5.22.0.jar;C:\workjob2023\repo\org\activiti\activiti-process-validation\5.22.0\activiti-process-validation-5.22.0.jar;C:\workjob2023\repo\org\activiti\activiti-image-generator\5.22.0\activiti-image-generator-5.22.0.jar;C:\workjob2023\repo\org\apache\commons\commons-email\1.4\commons-email-1.4.jar;C:\workjob2023\repo\com\sun\mail\javax.mail\1.6.1\javax.mail-1.6.1.jar;C:\workjob2023\repo\javax\activation\activation\1.1.1\activation-1.1.1.jar;C:\workjob2023\repo\joda-time\joda-time\2.9.9\joda-time-2.9.9.jar;C:\workjob2023\repo\org\slf4j\jcl-over-slf4j\1.7.25\jcl-over-slf4j-1.7.25.jar;C:\workjob2023\repo\org\activiti\activiti-spring\5.22.0\activiti-spring-5.22.0.jar;C:\workjob2023\repo\org\springframework\spring-jdbc\5.0.7.RELEASE\spring-jdbc-5.0.7.RELEASE.jar;C:\workjob2023\repo\org\springframework\spring-tx\5.0.7.RELEASE\spring-tx-5.0.7.RELEASE.jar;C:\workjob2023\repo\org\springframework\spring-orm\5.0.7.RELEASE\spring-orm-5.0.7.RELEASE.jar;C:\workjob2023\repo\commons-dbcp\commons-dbcp\1.4\commons-dbcp-1.4.jar;C:\workjob2023\repo\commons-pool\commons-pool\1.6\commons-pool-1.6.jar;C:\workjob2023\repo\org\activiti\activiti-modeler\5.22.0\activiti-modeler-5.22.0.jar;C:\workjob2023\repo\org\activiti\activiti-common-rest\5.22.0\activiti-common-rest-5.22.0.jar;C:\workjob2023\repo\org\activiti\activiti-json-converter\5.22.0\activiti-json-converter-5.22.0.jar;C:\workjob2023\repo\math\geom2d\javaGeom\0.11.1\javaGeom-0.11.1.jar;C:\work
[...]
09:41:30 [main] INFO  o.s.w.s.m.m.a.RequestMappingHandlerMapping - Mapped "{[/swagger-resources]}" onto org.springframework.http.ResponseEntity<java.util.List<springfox.documentation.swagger.web.SwaggerResource>> springfox.documentation.swagger.web.ApiResourceController.swaggerResources()
09:41:30 [main] INFO  o.s.w.s.m.m.a.RequestMappingHandlerMapping - Mapped "{[/swagger-resources/configuration/ui]}" onto org.springframework.http.ResponseEntity<springfox.documentation.swagger.web.UiConfiguration> springfox.documentation.swagger.web.ApiResourceController.uiConfiguration()
09:41:30 [main] INFO  o.s.w.s.m.m.a.RequestMappingHandlerMapping - Mapped "{[/swagger-resources/configuration/security]}" onto org.springframework.http.ResponseEntity<springfox.documentation.swagger.web.SecurityConfiguration> springfox.documentation.swagger.web.ApiResourceController.securityConfiguration()
09:41:30 [main] INFO  o.s.s.c.ThreadPoolTaskScheduler - Initializing ExecutorService  'messageBrokerTaskScheduler'
09:41:30 [main] INFO  o.s.w.s.s.s.WebSocketHandlerMapping - Mapped URL path [/endpointChat/**] onto handler of type [class org.springframework.web.socket.sockjs.support.SockJsHttpRequestHandler]
09:41:31 [main] INFO  o.s.s.c.ThreadPoolTaskExecutor - Initializing ExecutorService  'brokerChannelExecutor'
09:41:31 [main] INFO  o.s.w.s.h.SimpleUrlHandlerMapping - Mapped URL path [/**/favicon.ico] onto handler of type [class org.springframework.web.servlet.resource.ResourceHttpRequestHandler]
09:41:32 [main] INFO  o.s.w.s.m.m.a.RequestMappingHandlerAdapter - Looking for @ControllerAdvice: org.springframework.web.context.support.GenericWebApplicationContext@26425897: startup date [Sat Jul 08 09:41:19 CST 2023]; root of context hierarchy
09:41:32 [main] INFO  o.s.w.s.h.SimpleUrlHandlerMapping - Mapped URL path [/webjars/**] onto handler of type [class org.springframework.web.servlet.resource.ResourceHttpRequestHandler]
09:41:32 [main] INFO  o.s.w.s.h.SimpleUrlHandlerMapping - Mapped URL path [/**] onto handler of type [class org.springframework.web.servlet.resource.ResourceHttpRequestHandler]
09:41:32 [main] INFO  o.s.w.s.h.SimpleUrlHandlerMapping - Mapped URL path [/files/**] onto handler of type [class org.springframework.web.servlet.resource.ResourceHttpRequestHandler]
09:41:32 [main] INFO  o.s.w.s.m.m.a.ExceptionHandlerExceptionResolver - Detected @ExceptionHandler methods in BDExceptionHandler
09:41:32 [main] WARN  o.t.templatemode.TemplateMode - [THYMELEAF][main] Template Mode 'LEGACYHTML5' is deprecated. Using Template Mode 'HTML' instead.
09:41:34 [main] INFO  o.s.c.s.DefaultLifecycleProcessor - Starting beans in phase 2147483647
09:41:34 [main] INFO  s.d.s.w.p.DocumentationPluginsBootstrapper - Context refreshed
09:41:34 [main] INFO  s.d.s.w.p.DocumentationPluginsBootstrapper - Found 1 custom documentation plugin(s)
09:41:34 [main] INFO  s.d.s.w.s.ApiListingReferenceScanner - Scanning for api listing references
09:41:34 [main] INFO  s.d.s.w.r.o.CachingOperationNameGenerator - Generating unique operation named: removeUsingPOST_1
09:41:34 [main] INFO  s.d.s.w.r.o.CachingOperationNameGenerator - Generating unique operation named: addUsingGET_1
09:41:34 [main] INFO  s.d.s.w.r.o.CachingOperationNameGenerator - Generating unique operation named: editUsingGET_1
09:41:34 [main] INFO  s.d.s.w.r.o.CachingOperationNameGenerator - Generating unique operation named: listUsingGET_1
09:41:34 [main] INFO  s.d.s.w.r.o.CachingOperationNameGenerator - Generating unique operation named: removeUsingPOST_2
09:41:34 [main] INFO  s.d.s.w.r.o.CachingOperationNameGenerator - Generating unique operation named: removeUsingPOST_3
09:41:34 [main] INFO  s.d.s.w.r.o.CachingOperationNameGenerator - Generating unique operation named: saveUsingPOST_1
09:41:34 [main] INFO  s.d.s.w.r.o.CachingOperationNameGenerator - Generating unique operation named: updateUsingGET_1
09:41:34 [main] INFO  s.d.s.w.r.o.CachingOperationNameGenerator - Generating unique operation named: updateUsingHEAD_1
09:41:34 [main] INFO  s.d.s.w.r.o.CachingOperationNameGenerator - Generating unique operation named: updateUsingPOST_1
09:41:34 [main] INFO  s.d.s.w.r.o.CachingOperationNameGenerator - Generating unique operation named: updateUsingPUT_1
09:41:34 [main] INFO  s.d.s.w.r.o.CachingOperationNameGenerator - Generating unique operation named: updateUsingPATCH_1
09:41:34 [main] INFO  s.d.s.w.r.o.CachingOperationNameGenerator - Generating unique operation named: updateUsingDELETE_1
09:41:34 [main] INFO  s.d.s.w.r.o.CachingOperationNameGenerator - Generating unique operation named: updateUsingOPTIONS_1
09:41:34 [main] INFO  s.d.s.w.r.o.CachingOperationNameGenerator - Generating unique operation named: updateUsingTRACE_1
09:41:34 [main] INFO  s.d.s.w.r.o.CachingOperationNameGenerator - Generating unique operation named: addUsingGET_2
09:41:34 [main] INFO  s.d.s.w.r.o.CachingOperationNameGenerator - Generating unique operation named: editUsingGET_2
09:41:34 [main] INFO  s.d.s.w.r.o.CachingOperationNameGenerator - Generating unique operation named: listUsingGET_2
09:41:34 [main] INFO  s.d.s.w.r.o.CachingOperationNameGenerator - Generating unique operation named: removeUsingPOST_4
09:41:34 [main] INFO  s.d.s.w.r.o.CachingOperationNameGenerator - Generating unique operation named: removeUsingPOST_5
09:41:34 [main] INFO  s.d.s.w.r.o.CachingOperationNameGenerator - Generating unique operation named: saveUsingPOST_2
09:41:34 [main] INFO  s.d.s.w.r.o.CachingOperationNameGenerator - Generating unique operation named: updateUsingGET_2
09:41:34 [main] INFO  s.d.s.w.r.o.CachingOperationNameGenerator - Generating unique operation named: updateUsingHEAD_2
09:41:34 [main] INFO  s.d.s.w.r.o.CachingOperationNameGenerator - Generating unique operation named: updateUsingPOST_2
09:41:34 [main] INFO  s.d.s.w.r.o.CachingOperationNameGenerator - Generating unique operation named: updateUsingPUT_2
09:41:34 [main] INFO  s.d.s.w.r.o.CachingOperationNameGenerator - Generating unique operation named: updateUsingPATCH_2
09:41:34 [main] INFO  s.d.s.w.r.o.CachingOperationNameGenerator - Generating unique operation named: updateUsingDELETE_2
09:41:34 [main] INFO  s.d.s.w.r.o.CachingOperationNameGenerator - Generating unique operation named: updateUsingOPTIONS_2
09:41:34 [main] INFO  s.d.s.w.r.o.CachingOperationNameGenerator - Generating unique operation named: updateUsingTRACE_2
09:41:34 [main] INFO  s.d.s.w.r.o.CachingOperationNameGenerator - Generating unique operation named: addUsingGET_3
09:41:34 [main] INFO  s.d.s.w.r.o.CachingOperationNameGenerator - Generating unique operation named: editUsingGET_3
09:41:34 [main] INFO  s.d.s.w.r.o.CachingOperationNameGenerator - Generating unique operation named: listUsingGET_3
09:41:34 [main] INFO  s.d.s.w.r.o.CachingOperationNameGenerator - Generating unique operation named: removeUsingPOST_6
09:41:34 [main] INFO  s.d.s.w.r.o.CachingOperationNameGenerator - Generating unique operation named: removeUsingPOST_7
09:41:34 [main] INFO  s.d.s.w.r.o.CachingOperationNameGenerator - Generating unique operation named: saveUsingPOST_3
09:41:34 [main] INFO  s.d.s.w.r.o.CachingOperationNameGenerator - Generating unique operation named: updateUsingGET_3
09:41:34 [main] INFO  s.d.s.w.r.o.CachingOperationNameGenerator - Generating unique operation named: updateUsingHEAD_3
09:41:35 [main] INFO  s.d.s.w.r.o.CachingOperationNameGenerator - Generating unique operation named: updateUsingPOST_3
09:41:35 [main] INFO  s.d.s.w.r.o.CachingOperationNameGenerator - Generating unique operation named: updateUsingPUT_3
09:41:35 [main] INFO  s.d.s.w.r.o.CachingOperationNameGenerator - Generating unique operation named: updateUsingPATCH_3
09:41:35 [main] INFO  s.d.s.w.r.o.CachingOperationNameGenerator - Generating unique operation named: updateUsingDELETE_3
09:41:35 [main] INFO  s.d.s.w.r.o.CachingOperationNameGenerator - Generating unique operation named: updateUsingOPTIONS_3
09:41:35 [main] INFO  s.d.s.w.r.o.CachingOperationNameGenerator - Generating unique operation named: updateUsingTRACE_3
09:41:35 [main] INFO  s.d.s.w.r.o.CachingOperationNameGenerator - Generating unique operation named: editUsingGET_4
09:41:35 [main] INFO  s.d.s.w.r.o.CachingOperationNameGenerator - Generating unique operation named: listUsingGET_4
09:41:35 [main] INFO  s.d.s.w.r.o.CachingOperationNameGenerator - Generating unique operation named: updateUsingPOST_4
09:41:35 [main] INFO  s.d.s.w.r.o.CachingOperationNameGenerator - Generating unique operation named: addUsingGET_4
09:41:35 [main] INFO  s.d.s.w.r.o.CachingOperationNameGenerator - Generating unique operation named: editUsingGET_5
09:41:35 [main] INFO  s.d.s.w.r.o.CachingOperationNameGenerator - Generating unique operation named: infoUsingGET_1
09:41:35 [main] INFO  s.d.s.w.r.o.CachingOperationNameGenerator - Generating unique operation named: infoUsingHEAD_1
09:41:35 [main] INFO  s.d.s.w.r.o.CachingOperationNameGenerator - Generating unique operation named: infoUsingPOST_1
09:41:35 [main] INFO  s.d.s.w.r.o.CachingOperationNameGenerator - Generating unique operation named: infoUsingPUT_1
09:41:35 [main] INFO  s.d.s.w.r.o.CachingOperationNameGenerator - Generating unique operation named: infoUsingPATCH_1
09:41:35 [main] INFO  s.d.s.w.r.o.CachingOperationNameGenerator - Generating unique operation named: infoUsingDELETE_1
09:41:35 [main] INFO  s.d.s.w.r.o.CachingOperationNameGenerator - Generating unique operation named: infoUsingOPTIONS_1
09:41:35 [main] INFO  s.d.s.w.r.o.CachingOperationNameGenerator - Generating unique operation named: infoUsingTRACE_1
09:41:35 [main] INFO  s.d.s.w.r.o.CachingOperationNameGenerator - Generating unique operation named: listUsingGET_5
09:41:35 [main] INFO  s.d.s.w.r.o.CachingOperationNameGenerator - Generating unique operation named: removeUsingPOST_8
09:41:35 [main] INFO  s.d.s.w.r.o.CachingOperationNameGenerator - Generating unique operation named: removeUsingPOST_9
09:41:35 [main] INFO  s.d.s.w.r.o.CachingOperationNameGenerator - Generating unique operation named: saveUsingPOST_4
09:41:35 [main] INFO  s.d.s.w.r.o.CachingOperationNameGenerator - Generating unique operation named: updateUsingPOST_5
09:41:35 [main] INFO  s.d.s.w.r.o.CachingOperationNameGenerator - Generating unique operation named: listUsingGET_6
09:41:35 [main] INFO  s.d.s.w.r.o.CachingOperationNameGenerator - Generating unique operation named: removeUsingPOST_10
09:41:35 [main] INFO  s.d.s.w.r.o.CachingOperationNameGenerator - Generating unique operation named: welcomeUsingGET_1
09:41:35 [main] INFO  s.d.s.w.r.o.CachingOperationNameGenerator - Generating unique operation named: addUsingGET_5
09:41:35 [main] INFO  s.d.s.w.r.o.CachingOperationNameGenerator - Generating unique operation named: editUsingGET_6
09:41:35 [main] INFO  s.d.s.w.r.o.CachingOperationNameGenerator - Generating unique operation named: listUsingGET_7
09:41:35 [main] INFO  s.d.s.w.r.o.CachingOperationNameGenerator - Generating unique operation named: removeUsingPOST_11
09:41:35 [main] INFO  s.d.s.w.r.o.CachingOperationNameGenerator - Generating unique operation named: saveUsingPOST_5
09:41:35 [main] INFO  s.d.s.w.r.o.CachingOperationNameGenerator - Generating unique operation named: treeUsingGET_1
09:41:35 [main] INFO  s.d.s.w.r.o.CachingOperationNameGenerator - Generating unique operation named: treeUsingGET_2
09:41:35 [main] INFO  s.d.s.w.r.o.CachingOperationNameGenerator - Generating unique operation named: updateUsingPOST_6
09:41:35 [main] INFO  s.d.s.w.r.o.CachingOperationNameGenerator - Generating unique operation named: batchRemoveUsingPOST_1
09:41:35 [main] INFO  s.d.s.w.r.o.CachingOperationNameGenerator - Generating unique operation named: editUsingGET_7
09:41:35 [main] INFO  s.d.s.w.r.o.CachingOperationNameGenerator - Generating unique operation named: listUsingGET_8
09:41:35 [main] INFO  s.d.s.w.r.o.CachingOperationNameGenerator - Generating unique operation named: addUsingGET_6
09:41:35 [main] INFO  s.d.s.w.r.o.CachingOperationNameGenerator - Generating unique operation named: editUsingGET_8
09:41:35 [main] INFO  s.d.s.w.r.o.CachingOperationNameGenerator - Generating unique operation named: listUsingGET_9
09:41:35 [main] INFO  s.d.s.w.r.o.CachingOperationNameGenerator - Generating unique operation named: removeUsingPOST_12
09:41:35 [main] INFO  s.d.s.w.r.o.CachingOperationNameGenerator - Generating unique operation named: removeUsingPOST_13
09:41:35 [main] INFO  s.d.s.w.r.o.CachingOperationNameGenerator - Generating unique operation named: saveUsingPOST_6
09:41:35 [main] INFO  s.d.s.w.r.o.CachingOperationNameGenerator - Generating unique operation named: updateUsingGET_4
09:41:35 [main] INFO  s.d.s.w.r.o.CachingOperationNameGenerator - Generating unique operation named: updateUsingHEAD_4
09:41:35 [main] INFO  s.d.s.w.r.o.CachingOperationNameGenerator - Generating unique operation named: updateUsingPOST_7
09:41:35 [main] INFO  s.d.s.w.r.o.CachingOperationNameGenerator - Generating unique operation named: updateUsingPUT_4
09:41:35 [main] INFO  s.d.s.w.r.o.CachingOperationNameGenerator - Generating unique operation named: updateUsingPATCH_4
09:41:35 [main] INFO  s.d.s.w.r.o.CachingOperationNameGenerator - Generating unique operation named: updateUsingDELETE_4
09:41:35 [main] INFO  s.d.s.w.r.o.CachingOperationNameGenerator - Generating unique operation named: updateUsingOPTIONS_4
09:41:35 [main] INFO  s.d.s.w.r.o.CachingOperationNameGenerator - Generating unique operation named: updateUsingTRACE_4
09:41:35 [main] INFO  s.d.s.w.r.o.CachingOperationNameGenerator - Generating unique operation named: addUsingGET_7
09:41:35 [main] INFO  s.d.s.w.r.o.CachingOperationNameGenerator - Generating unique operation named: batchRemoveUsingPOST_2
09:41:35 [main] INFO  s.d.s.w.r.o.CachingOperationNameGenerator - Generating unique operation named: deployUsingPOST_1
09:41:35 [main] INFO  s.d.s.w.r.o.CachingOperationNameGenerator - Generating unique operation named: listUsingGET_10
09:41:35 [main] INFO  s.d.s.w.r.o.CachingOperationNameGenerator - Generating unique operation named: removeUsingPOST_14
09:41:35 [main] INFO  s.d.s.w.r.o.CachingOperationNameGenerator - Generating unique operation named: addUsingGET_8
09:41:35 [main] INFO  s.d.s.w.r.o.CachingOperationNameGenerator - Generating unique operation named: batchRemoveUsingPOST_3
09:41:35 [main] INFO  s.d.s.w.r.o.CachingOperationNameGenerator - Generating unique operation named: editUsingGET_9
09:41:35 [main] INFO  s.d.s.w.r.o.CachingOperationNameGenerator - Generating unique operation named: listUsingGET_11
09:41:35 [main] INFO  s.d.s.w.r.o.CachingOperationNameGenerator - Generating unique operation named: saveUsingPOST_7
09:41:35 [main] INFO  s.d.s.w.r.o.CachingOperationNameGenerator - Generating unique operation named: saveUsingPOST_8
09:41:35 [main] INFO  s.d.s.w.r.o.CachingOperationNameGenerator - Generating unique operation named: updateUsingPOST_8
09:41:35 [main] INFO  s.d.s.w.r.o.CachingOperationNameGenerator - Generating unique operation named: addUsingGET_9
09:41:35 [main] INFO  s.d.s.w.r.o.CachingOperationNameGenerator - Generating unique operation named: editUsingGET_10
09:41:35 [main] INFO  s.d.s.w.r.o.CachingOperationNameGenerator - Generating unique operation named: listUsingGET_12
09:41:35 [main] INFO  s.d.s.w.r.o.CachingOperationNameGenerator - Generating unique operation named: removeUsingPOST_15
09:41:35 [main] INFO  s.d.s.w.r.o.CachingOperationNameGenerator - Generating unique operation named: removeUsingPOST_16
09:41:35 [main] INFO  s.d.s.w.r.o.CachingOperationNameGenerator - Generating unique operation named: updateUsingGET_5
09:41:35 [main] INFO  s.d.s.w.r.o.CachingOperationNameGenerator - Generating unique operation named: updateUsingHEAD_5
09:41:35 [main] INFO  s.d.s.w.r.o.CachingOperationNameGenerator - Generating unique operation named: updateUsingPOST_9
09:41:35 [main] INFO  s.d.s.w.r.o.CachingOperationNameGenerator - Generating unique operation named: updateUsingPUT_5
09:41:35 [main] INFO  s.d.s.w.r.o.CachingOperationNameGenerator - Generating unique operation named: updateUsingPATCH_5
09:41:35 [main] INFO  s.d.s.w.r.o.CachingOperationNameGenerator - Generating unique operation named: updateUsingDELETE_5
09:41:35 [main] INFO  s.d.s.w.r.o.CachingOperationNameGenerator - Generating unique operation named: updateUsingOPTIONS_5
09:41:35 [main] INFO  s.d.s.w.r.o.CachingOperationNameGenerator - Generating unique operation named: updateUsingTRACE_5
09:41:35 [main] INFO  s.d.s.w.r.o.CachingOperationNameGenerator - Generating unique operation named: listUsingGET_13
09:41:35 [main] INFO  s.d.s.w.r.o.CachingOperationNameGenerator - Generating unique operation named: listUsingHEAD_1
09:41:35 [main] INFO  s.d.s.w.r.o.CachingOperationNameGenerator - Generating unique operation named: listUsingPOST_1
09:41:35 [main] INFO  s.d.s.w.r.o.CachingOperationNameGenerator - Generating unique operation named: listUsingPUT_1
09:41:35 [main] INFO  s.d.s.w.r.o.CachingOperationNameGenerator - Generating unique operation named: listUsingPATCH_1
09:41:35 [main] INFO  s.d.s.w.r.o.CachingOperationNameGenerator - Generating unique operation named: listUsingDELETE_1
09:41:35 [main] INFO  s.d.s.w.r.o.CachingOperationNameGenerator - Generating unique operation named: listUsingOPTIONS_1
09:41:35 [main] INFO  s.d.s.w.r.o.CachingOperationNameGenerator - Generating unique operation named: listUsingTRACE_1
09:41:35 [main] INFO  s.d.s.w.r.o.CachingOperationNameGenerator - Generating unique operation named: listUsingGET_14
09:41:35 [main] INFO  s.d.s.w.r.o.CachingOperationNameGenerator - Generating unique operation named: addUsingGET_10
09:41:35 [main] INFO  s.d.s.w.r.o.CachingOperationNameGenerator - Generating unique operation named: batchRemoveUsingPOST_4
09:41:35 [main] INFO  s.d.s.w.r.o.CachingOperationNameGenerator - Generating unique operation named: editUsingGET_11
09:41:35 [main] INFO  s.d.s.w.r.o.CachingOperationNameGenerator - Generating unique operation named: listUsingGET_15
09:41:35 [main] INFO  s.d.s.w.r.o.CachingOperationNameGenerator - Generating unique operation named: removeUsingPOST_17
09:41:35 [main] INFO  s.d.s.w.r.o.CachingOperationNameGenerator - Generating unique operation named: saveUsingPOST_9
09:41:35 [main] INFO  s.d.s.w.r.o.CachingOperationNameGenerator - Generating unique operation named: treeUsingGET_3
09:41:35 [main] INFO  s.d.s.w.r.o.CachingOperationNameGenerator - Generating unique operation named: treeViewUsingGET_1
09:41:35 [main] INFO  s.d.s.w.r.o.CachingOperationNameGenerator - Generating unique operation named: updateUsingPOST_10
09:41:35 [main] INFO  o.s.s.quartz.SchedulerFactoryBean - Starting Quartz Scheduler now
09:41:35 [main] INFO  org.quartz.core.QuartzScheduler - Scheduler schedulerFactoryBean_$_NON_CLUSTERED started.
09:41:35 [main] INFO  o.s.m.s.b.SimpleBrokerMessageHandler - Starting...
09:41:35 [main] INFO  o.s.m.s.b.SimpleBrokerMessageHandler - BrokerAvailabilityEvent[available=true, SimpleBrokerMessageHandler [DefaultSubscriptionRegistry[cache[0 destination(s)], registry[0 sessions]]]]
09:41:35 [main] INFO  o.s.m.s.b.SimpleBrokerMessageHandler - Started.
09:41:35 [main] INFO  com.bootdo.testDemo.TestDemo - Started TestDemo in 17.181 seconds (JVM running for 18.489)
09:41:36 [main] DEBUG com.bootdo.common.dao.TaskDao.list - ==>  Preparing: select `id`,`cron_expression`,`method_name`,`is_concurrent`,`description`,`update_by`,`bean_class`,`create_date`,`job_status`,`job_group`,`update_date`,`create_by`,`spring_bean`,`job_name` from sys_task order by id desc 
09:41:36 [main] DEBUG com.bootdo.common.dao.TaskDao.list - ==> Parameters: 
09:41:36 [main] DEBUG com.bootdo.common.dao.TaskDao.list - <==      Total: 1
09:41:36 [main] INFO  io.lettuce.core.EpollProvider - Starting without optional epoll library
09:41:36 [main] INFO  io.lettuce.core.KqueueProvider - Starting without optional kqueue library
]]></system-out>
  </testcase>
</testsuite>